
> cqpi-ng-20-holding@0.0.0 test
> ng test --watch=false

[33m‚ùØ[39m Building...
[32m‚úî[39m Building...
[1mInitial chunk files[22m                            [2m | [22m[1mNames[22m                                       [2m | [22m [1mRaw size[22m
[32mchunk-LZNJLUMW.js[39m                              [2m | [22m[2m-[22m                                           [2m | [22m  [36m2.22 MB[39m[2m | [22m
[32mpolyfills.js[39m                                   [2m | [22m[2mpolyfills[22m                                   [2m | [22m  [36m1.03 MB[39m[2m | [22m
[32mchunk-FY6I7BUO.js[39m                              [2m | [22m[2m-[22m                                           [2m | [22m[36m291.84 kB[39m[2m | [22m
[32mchunk-4J4GT6CD.js[39m                              [2m | [22m[2m-[22m                                           [2m | [22m[36m193.10 kB[39m[2m | [22m
[32mjasmine-cleanup-1.js[39m                           [2m | [22m[2mjasmine-cleanup-1[22m                           [2m | [22m [36m67.20 kB[39m[2m | [22m
[32mtest_main.js[39m                                   [2m | [22m[2mtest_main[22m                                   [2m | [22m [36m59.84 kB[39m[2m | [22m
[32mchunk-4AIH3TCL.js[39m                              [2m | [22m[2m-[22m                                           [2m | [22m [36m34.90 kB[39m[2m | [22m
[32mspec-color-slider.component.spec.js[39m            [2m | [22m[2mspec-color-slider.component.spec[22m            [2m | [22m [36m23.63 kB[39m[2m | [22m
[32mspec-metadata.component.spec.js[39m                [2m | [22m[2mspec-metadata.component.spec[22m                [2m | [22m [36m22.91 kB[39m[2m | [22m
[32mchunk-JU7BOT5L.js[39m                              [2m | [22m[2m-[22m                                           [2m | [22m [36m19.90 kB[39m[2m | [22m
[32mspec-palette-table.component.spec.js[39m           [2m | [22m[2mspec-palette-table.component.spec[22m           [2m | [22m [36m17.16 kB[39m[2m | [22m
[32mspec-color-util.service.spec.js[39m                [2m | [22m[2mspec-color-util.service.spec[22m                [2m | [22m [36m16.72 kB[39m[2m | [22m
[32mspec-color-contrast.component.spec.js[39m          [2m | [22m[2mspec-color-contrast.component.spec[22m          [2m | [22m [36m15.72 kB[39m[2m | [22m
[32mstyles.css[39m                                     [2m | [22m[2mstyles[22m                                      [2m | [22m [36m13.28 kB[39m[2m | [22m
[32mspec-copy-to-clipboard-button.component.spec.js[39m[2m | [22m[2mspec-copy-to-clipboard-button.component.spec[22m[2m | [22m [36m13.03 kB[39m[2m | [22m
[32mspec-color-picker.component.spec.js[39m            [2m | [22m[2mspec-color-picker.component.spec[22m            [2m | [22m [36m12.24 kB[39m[2m | [22m
[32mspec-alert.component.spec.js[39m                   [2m | [22m[2mspec-alert.component.spec[22m                   [2m | [22m [36m10.96 kB[39m[2m | [22m
[32mspec-bpca.service.spec.js[39m                      [2m | [22m[2mspec-bpca.service.spec[22m                      [2m | [22m [36m10.18 kB[39m[2m | [22m
[32mspec-color-metrics.service.spec.js[39m             [2m | [22m[2mspec-color-metrics.service.spec[22m             [2m | [22m  [36m8.50 kB[39m[2m | [22m
[32mchunk-ZAKSBXU2.js[39m                              [2m | [22m[2m-[22m                                           [2m | [22m  [36m5.13 kB[39m[2m | [22m
[32mchunk-V6FC2DIM.js[39m                              [2m | [22m[2m-[22m                                           [2m | [22m  [36m2.42 kB[39m[2m | [22m
[32mchunk-DCEE3NFH.js[39m                              [2m | [22m[2m-[22m                                           [2m | [22m[36m794 bytes[39m[2m | [22m
[32mjasmine-cleanup-0.js[39m                           [2m | [22m[2mjasmine-cleanup-0[22m                           [2m | [22m[36m519 bytes[39m[2m | [22m

[1m [22m                                              [2m | [22m[1mInitial total[22m                               [2m | [22m  [1m4.09 MB[22m

Application bundle generation complete. [3.049 seconds] - 2025-11-29T03:27:16.821Z

[32m28 11 2025 22:27:17.013:INFO [karma-server]: [39mKarma v6.4.4 server started at http://localhost:9876/
[32m28 11 2025 22:27:17.014:INFO [launcher]: [39mLaunching browsers Chrome with concurrency unlimited
[32m28 11 2025 22:27:17.022:INFO [launcher]: [39mStarting browser Chrome
[32m28 11 2025 22:27:18.394:INFO [Chrome 142.0.0.0 (Windows 10)]: [39mConnected on socket JRxquV1Mtp_i1kWvAAAB with id 42119454
Chrome 142.0.0.0 (Windows 10): Executed 0 of 324[32m SUCCESS[39m (0 secs / 0 secs)
[1A[2KChrome 142.0.0.0 (Windows 10): Executed 1 of 324[32m SUCCESS[39m (0 secs / 0.082 secs)
[33m28 11 2025 22:27:19.309:WARN [web-server]: [39m404: /base/media/atkinson-hyperlegible-latin-400-normal.woff2
[1A[2K[31mChrome 142.0.0.0 (Windows 10) ColorSliderComponent reset should reset slider to initial value FAILED[39m
	Expected '1' to be '0.7'.
	    at <Jasmine>
	    at UserContext.<anonymous> (src/app/_components/color-slider/color-slider.component.spec.ts:270:28)
	    at _ZoneDelegate.invoke (node_modules/zone.js/fesm2015/zone.js:398:28)
	    at _ProxyZoneSpec.onInvoke (node_modules/zone.js/fesm2015/zone-testing.js:2132:39)
	    at _ZoneDelegate.invoke (node_modules/zone.js/fesm2015/zone.js:397:34)
Chrome 142.0.0.0 (Windows 10): Executed 2 of 324[31m (1 FAILED)[39m (0 secs / 0.092 secs)
[1A[2K[31mChrome 142.0.0.0 (Windows 10) ColorSliderComponent reset should handle missing initValue FAILED[39m
	Expected spy error to have been called.
	    at <Jasmine>
	    at UserContext.<anonymous> (src/app/_components/color-slider/color-slider.component.spec.ts:289:29)
	    at _ZoneDelegate.invoke (node_modules/zone.js/fesm2015/zone.js:398:28)
	    at _ProxyZoneSpec.onInvoke (node_modules/zone.js/fesm2015/zone-testing.js:2132:39)
	    at _ZoneDelegate.invoke (node_modules/zone.js/fesm2015/zone.js:397:34)
Chrome 142.0.0.0 (Windows 10): Executed 3 of 324[31m (2 FAILED)[39m (0 secs / 0.1 secs)
[33m28 11 2025 22:27:19.331:WARN [web-server]: [39m404: /base/media/atkinson-hyperlegible-latin-400-normal.woff
[33m28 11 2025 22:27:19.336:WARN [web-server]: [39m404: /base/media/atkinson-hyperlegible-latin-700-normal.woff2
[33m28 11 2025 22:27:19.895:WARN [web-server]: [39m404: /base/media/atkinson-hyperlegible-latin-700-normal.woff
[1A[2K[31mChrome 142.0.0.0 (Windows 10) ColorSliderComponent sendInitialLightVariant should emit the input color FAILED[39m
	Error: An asynchronous spec, beforeEach, or afterEach function called its 'done' callback more than once.
	(in spec: ColorSliderComponent sendInitialLightVariant should emit the input color)
	    at <Jasmine>
	    at src/app/_components/color-slider/color-slider.component.spec.ts:94:9
	    at OutputEmitterRef.emit (node_modules/@angular/core/fesm2022/resource.mjs:68:21)
	    at ColorSliderComponent2.sendInitialLightVariant (src/app/_components/color-slider/color-slider.component.ts:97:23)
	    at ColorSliderComponent2.<anonymous> (src/app/_components/color-slider/color-slider.component.ts:113:10)
	    at Generator.next (<anonymous>)
	    at fulfilled (chunk-V6FC2DIM.js:47:24)
	    at _ZoneDelegate.invoke (node_modules/zone.js/fesm2015/zone.js:398:28)
Chrome 142.0.0.0 (Windows 10): Executed 4 of 324[31m (3 FAILED)[39m (0 secs / 0.66 secs)
[1A[2KChrome 142.0.0.0 (Windows 10): Executed 5 of 324[31m (3 FAILED)[39m (0 secs / 0.666 secs)
[1A[2KWARN: [36m'NG0953: Unexpected emit for destroyed `OutputRef`. The owning directive/component is destroyed.'[39m
Chrome 142.0.0.0 (Windows 10): Executed 5 of 324[31m (3 FAILED)[39m (0 secs / 0.666 secs)
WARN: 'NG0953: Unexpected emit for destroyed `OutputRef`. The owning directive/component is destroyed.'
[1A[2KLOG: [36m'no color specified'[39m
Chrome 142.0.0.0 (Windows 10): Executed 5 of 324[31m (3 FAILED)[39m (0 secs / 0.666 secs)
LOG: 'no color specified'
[1A[2K[31mChrome 142.0.0.0 (Windows 10) ColorSliderComponent redefineGradientStops should handle missing color FAILED[39m
	Expected spy error to have been called.
	    at <Jasmine>
	    at UserContext.<anonymous> (src/app/_components/color-slider/color-slider.component.spec.ts:364:29)
	    at _ZoneDelegate.invoke (node_modules/zone.js/fesm2015/zone.js:398:28)
	    at _ProxyZoneSpec.onInvoke (node_modules/zone.js/fesm2015/zone-testing.js:2132:39)
	    at _ZoneDelegate.invoke (node_modules/zone.js/fesm2015/zone.js:397:34)
Chrome 142.0.0.0 (Windows 10): Executed 6 of 324[31m (4 FAILED)[39m (0 secs / 0.672 secs)
[1A[2KChrome 142.0.0.0 (Windows 10): Executed 7 of 324[31m (4 FAILED)[39m (0 secs / 0.678 secs)
[1A[2KWARN: [36m'NG0953: Unexpected emit for destroyed `OutputRef`. The owning directive/component is destroyed.'[39m
Chrome 142.0.0.0 (Windows 10): Executed 7 of 324[31m (4 FAILED)[39m (0 secs / 0.678 secs)
WARN: 'NG0953: Unexpected emit for destroyed `OutputRef`. The owning directive/component is destroyed.'
[1A[2KChrome 142.0.0.0 (Windows 10): Executed 8 of 324[31m (4 FAILED)[39m (0 secs / 0.683 secs)
[1A[2KChrome 142.0.0.0 (Windows 10): Executed 9 of 324[31m (4 FAILED)[39m (0 secs / 0.687 secs)
[1A[2KChrome 142.0.0.0 (Windows 10): Executed 10 of 324[31m (4 FAILED)[39m (0 secs / 0.693 secs)
[1A[2KWARN: [36m'NG0953: Unexpected emit for destroyed `OutputRef`. The owning directive/component is destroyed.'[39m
Chrome 142.0.0.0 (Windows 10): Executed 10 of 324[31m (4 FAILED)[39m (0 secs / 0.693 secs)
WARN: 'NG0953: Unexpected emit for destroyed `OutputRef`. The owning directive/component is destroyed.'
[1A[2K[31mChrome 142.0.0.0 (Windows 10) ColorSliderComponent handleSliding should emit colorVariant with new color FAILED[39m
	Expected '#ff5733' to be '#abc123'.
	    at <Jasmine>
	    at src/app/_components/color-slider/color-slider.component.spec.ts:195:25
	    at OutputEmitterRef.emit (node_modules/@angular/core/fesm2022/resource.mjs:68:21)
	    at ColorSliderComponent2.sendInitialLightVariant (src/app/_components/color-slider/color-slider.component.ts:97:23)
	    at ColorSliderComponent2.<anonymous> (src/app/_components/color-slider/color-slider.component.ts:113:10)
	Error: An asynchronous spec, beforeEach, or afterEach function called its 'done' callback more than once.
	(in spec: ColorSliderComponent handleSliding should emit colorVariant with new color)
	    at <Jasmine>
	    at src/app/_components/color-slider/color-slider.component.spec.ts:196:9
	    at OutputEmitterRef.emit (node_modules/@angular/core/fesm2022/resource.mjs:68:21)
	    at ColorSliderComponent2.sendInitialLightVariant (src/app/_components/color-slider/color-slider.component.ts:97:23)
	    at ColorSliderComponent2.<anonymous> (src/app/_components/color-slider/color-slider.component.ts:113:10)
	    at Generator.next (<anonymous>)
	    at fulfilled (chunk-V6FC2DIM.js:47:24)
	    at _ZoneDelegate.invoke (node_modules/zone.js/fesm2015/zone.js:398:28)
Chrome 142.0.0.0 (Windows 10): Executed 11 of 324[31m (5 FAILED)[39m (0 secs / 0.723 secs)
[1A[2KChrome 142.0.0.0 (Windows 10): Executed 12 of 324[31m (5 FAILED)[39m (0 secs / 0.73 secs)
[1A[2KWARN: [36m'NG0953: Unexpected emit for destroyed `OutputRef`. The owning directive/component is destroyed.'[39m
Chrome 142.0.0.0 (Windows 10): Executed 12 of 324[31m (5 FAILED)[39m (0 secs / 0.73 secs)
WARN: 'NG0953: Unexpected emit for destroyed `OutputRef`. The owning directive/component is destroyed.'
[1A[2KLOG: [36m'no new val to assign'[39m
Chrome 142.0.0.0 (Windows 10): Executed 12 of 324[31m (5 FAILED)[39m (0 secs / 0.73 secs)
LOG: 'no new val to assign'
[1A[2KLOG: [36m'no new val to assign'[39m
Chrome 142.0.0.0 (Windows 10): Executed 12 of 324[31m (5 FAILED)[39m (0 secs / 0.73 secs)
LOG: 'no new val to assign'
[1A[2KLOG: [36m'no new val to assign'[39m
Chrome 142.0.0.0 (Windows 10): Executed 12 of 324[31m (5 FAILED)[39m (0 secs / 0.73 secs)
LOG: 'no new val to assign'
[1A[2KLOG: [36m'no new val to assign'[39m
Chrome 142.0.0.0 (Windows 10): Executed 12 of 324[31m (5 FAILED)[39m (0 secs / 0.73 secs)
LOG: 'no new val to assign'
[1A[2KLOG: [36m'no new val to assign'[39m
Chrome 142.0.0.0 (Windows 10): Executed 12 of 324[31m (5 FAILED)[39m (0 secs / 0.73 secs)
LOG: 'no new val to assign'
[1A[2KLOG: [36m'no new val to assign'[39m
Chrome 142.0.0.0 (Windows 10): Executed 12 of 324[31m (5 FAILED)[39m (0 secs / 0.73 secs)
LOG: 'no new val to assign'
[1A[2K[31mChrome 142.0.0.0 (Windows 10) ColorSliderComponent handleSliding should handle null color from createSrgbColor FAILED[39m
	Expected '#ff5733' to be null.
	    at <Jasmine>
	    at src/app/_components/color-slider/color-slider.component.spec.ts:213:25
	    at OutputEmitterRef.emit (node_modules/@angular/core/fesm2022/resource.mjs:68:21)
	    at ColorSliderComponent2.sendInitialLightVariant (src/app/_components/color-slider/color-slider.component.ts:97:23)
	    at ColorSliderComponent2.<anonymous> (src/app/_components/color-slider/color-slider.component.ts:113:10)
	Error: An asynchronous spec, beforeEach, or afterEach function called its 'done' callback more than once.
	(in spec: ColorSliderComponent handleSliding should handle null color from createSrgbColor)
	    at <Jasmine>
	    at src/app/_components/color-slider/color-slider.component.spec.ts:214:9
	    at OutputEmitterRef.emit (node_modules/@angular/core/fesm2022/resource.mjs:68:21)
	    at ColorSliderComponent2.sendInitialLightVariant (src/app/_components/color-slider/color-slider.component.ts:97:23)
	    at ColorSliderComponent2.<anonymous> (src/app/_components/color-slider/color-slider.component.ts:113:10)
	    at Generator.next (<anonymous>)
	    at fulfilled (chunk-V6FC2DIM.js:47:24)
	    at _ZoneDelegate.invoke (node_modules/zone.js/fesm2015/zone.js:398:28)
Chrome 142.0.0.0 (Windows 10): Executed 13 of 324[31m (6 FAILED)[39m (0 secs / 0.778 secs)
[1A[2KChrome 142.0.0.0 (Windows 10): Executed 14 of 324[31m (6 FAILED)[39m (0 secs / 0.785 secs)
[1A[2KChrome 142.0.0.0 (Windows 10): Executed 15 of 324[31m (6 FAILED)[39m (0 secs / 0.789 secs)
[1A[2KWARN: [36m'NG0953: Unexpected emit for destroyed `OutputRef`. The owning directive/component is destroyed.'[39m
Chrome 142.0.0.0 (Windows 10): Executed 15 of 324[31m (6 FAILED)[39m (0 secs / 0.789 secs)
WARN: 'NG0953: Unexpected emit for destroyed `OutputRef`. The owning directive/component is destroyed.'
[1A[2KChrome 142.0.0.0 (Windows 10): Executed 16 of 324[31m (6 FAILED)[39m (0 secs / 0.796 secs)
[1A[2KChrome 142.0.0.0 (Windows 10): Executed 17 of 324[31m (6 FAILED)[39m (0 secs / 0.801 secs)
[1A[2KChrome 142.0.0.0 (Windows 10): Executed 18 of 324[31m (6 FAILED)[39m (0 secs / 0.808 secs)
[1A[2KChrome 142.0.0.0 (Windows 10): Executed 19 of 324[31m (6 FAILED)[39m (0 secs / 0.814 secs)
[1A[2KChrome 142.0.0.0 (Windows 10): Executed 20 of 324[31m (6 FAILED)[39m (0 secs / 0.821 secs)
[1A[2KChrome 142.0.0.0 (Windows 10): Executed 21 of 324[31m (6 FAILED)[39m (0 secs / 0.826 secs)
[1A[2K[31mChrome 142.0.0.0 (Windows 10) ColorSliderComponent Outputs should emit colorVariant on sendInitialLightVariant FAILED[39m
	Error: An asynchronous spec, beforeEach, or afterEach function called its 'done' callback more than once.
	(in spec: ColorSliderComponent Outputs should emit colorVariant on sendInitialLightVariant)
	    at <Jasmine>
	    at src/app/_components/color-slider/color-slider.component.spec.ts:80:9
	    at OutputEmitterRef.emit (node_modules/@angular/core/fesm2022/resource.mjs:68:21)
	    at ColorSliderComponent2.sendInitialLightVariant (src/app/_components/color-slider/color-slider.component.ts:97:23)
	    at ColorSliderComponent2.<anonymous> (src/app/_components/color-slider/color-slider.component.ts:113:10)
	    at Generator.next (<anonymous>)
	    at fulfilled (chunk-V6FC2DIM.js:47:24)
	    at _ZoneDelegate.invoke (node_modules/zone.js/fesm2015/zone.js:398:28)
Chrome 142.0.0.0 (Windows 10): Executed 22 of 324[31m (7 FAILED)[39m (0 secs / 0.875 secs)
[1A[2KChrome 142.0.0.0 (Windows 10): Executed 23 of 324[31m (7 FAILED)[39m (0 secs / 0.88 secs)
[1A[2KChrome 142.0.0.0 (Windows 10): Executed 24 of 324[31m (7 FAILED)[39m (0 secs / 0.885 secs)
[1A[2KChrome 142.0.0.0 (Windows 10): Executed 25 of 324[31m (7 FAILED)[39m (0 secs / 0.891 secs)
[1A[2KLOG: [36m'no color specified'[39m
Chrome 142.0.0.0 (Windows 10): Executed 25 of 324[31m (7 FAILED)[39m (0 secs / 0.891 secs)
LOG: 'no color specified'
[1A[2KChrome 142.0.0.0 (Windows 10): Executed 26 of 324[31m (7 FAILED)[39m (0 secs / 0.927 secs)
[1A[2KLOG: [36m'no color specified'[39m
Chrome 142.0.0.0 (Windows 10): Executed 26 of 324[31m (7 FAILED)[39m (0 secs / 0.927 secs)
LOG: 'no color specified'
[1A[2KChrome 142.0.0.0 (Windows 10): Executed 27 of 324[31m (7 FAILED)[39m (0 secs / 0.934 secs)
[1A[2KLOG: [36m'no color specified'[39m
Chrome 142.0.0.0 (Windows 10): Executed 27 of 324[31m (7 FAILED)[39m (0 secs / 0.934 secs)
LOG: 'no color specified'
[1A[2KChrome 142.0.0.0 (Windows 10): Executed 28 of 324[31m (7 FAILED)[39m (0 secs / 0.939 secs)
[1A[2KChrome 142.0.0.0 (Windows 10): Executed 29 of 324[31m (7 FAILED)[39m (0 secs / 0.943 secs)
[1A[2KLOG: [36m'no color specified'[39m
Chrome 142.0.0.0 (Windows 10): Executed 29 of 324[31m (7 FAILED)[39m (0 secs / 0.943 secs)
LOG: 'no color specified'
[1A[2KChrome 142.0.0.0 (Windows 10): Executed 30 of 324[31m (7 FAILED)[39m (0 secs / 0.947 secs)
[1A[2KChrome 142.0.0.0 (Windows 10): Executed 31 of 324[31m (7 FAILED)[39m (0 secs / 0.961 secs)
[1A[2KChrome 142.0.0.0 (Windows 10): Executed 32 of 324[31m (7 FAILED)[39m (0 secs / 0.964 secs)
[1A[2KChrome 142.0.0.0 (Windows 10): Executed 33 of 324[31m (7 FAILED)[39m (0 secs / 0.967 secs)
[1A[2KChrome 142.0.0.0 (Windows 10): Executed 34 of 324[31m (7 FAILED)[39m (0 secs / 0.971 secs)
[1A[2KChrome 142.0.0.0 (Windows 10): Executed 35 of 324[31m (7 FAILED)[39m (0 secs / 0.975 secs)
[1A[2KChrome 142.0.0.0 (Windows 10): Executed 36 of 324[31m (7 FAILED)[39m (0 secs / 0.978 secs)
[1A[2KChrome 142.0.0.0 (Windows 10): Executed 37 of 324[31m (7 FAILED)[39m (0 secs / 0.982 secs)
[1A[2KChrome 142.0.0.0 (Windows 10): Executed 38 of 324[31m (7 FAILED)[39m (0 secs / 0.986 secs)
[1A[2KChrome 142.0.0.0 (Windows 10): Executed 39 of 324[31m (7 FAILED)[39m (0 secs / 0.988 secs)
[1A[2KChrome 142.0.0.0 (Windows 10): Executed 40 of 324[31m (7 FAILED)[39m (0 secs / 0.991 secs)
[1A[2KChrome 142.0.0.0 (Windows 10): Executed 41 of 324[31m (7 FAILED)[39m (0 secs / 0.994 secs)
[1A[2KChrome 142.0.0.0 (Windows 10): Executed 42 of 324[31m (7 FAILED)[39m (0 secs / 0.998 secs)
[1A[2KChrome 142.0.0.0 (Windows 10): Executed 43 of 324[31m (7 FAILED)[39m (0 secs / 1.002 secs)
[1A[2KChrome 142.0.0.0 (Windows 10): Executed 44 of 324[31m (7 FAILED)[39m (0 secs / 1.008 secs)
[1A[2KChrome 142.0.0.0 (Windows 10): Executed 45 of 324[31m (7 FAILED)[39m (0 secs / 1.015 secs)
[1A[2KChrome 142.0.0.0 (Windows 10): Executed 46 of 324[31m (7 FAILED)[39m (0 secs / 1.02 secs)
[1A[2KChrome 142.0.0.0 (Windows 10): Executed 47 of 324[31m (7 FAILED)[39m (0 secs / 1.025 secs)
[1A[2KChrome 142.0.0.0 (Windows 10): Executed 48 of 324[31m (7 FAILED)[39m (0 secs / 1.029 secs)
[1A[2KChrome 142.0.0.0 (Windows 10): Executed 49 of 324[31m (7 FAILED)[39m (0 secs / 1.037 secs)
[1A[2KChrome 142.0.0.0 (Windows 10): Executed 50 of 324[31m (7 FAILED)[39m (0 secs / 1.041 secs)
[1A[2KChrome 142.0.0.0 (Windows 10): Executed 51 of 324[31m (7 FAILED)[39m (0 secs / 1.044 secs)
[1A[2KChrome 142.0.0.0 (Windows 10): Executed 52 of 324[31m (7 FAILED)[39m (0 secs / 1.053 secs)
[1A[2KChrome 142.0.0.0 (Windows 10): Executed 53 of 324[31m (7 FAILED)[39m (0 secs / 1.058 secs)
[1A[2KChrome 142.0.0.0 (Windows 10): Executed 54 of 324[31m (7 FAILED)[39m (0 secs / 1.062 secs)
[1A[2KChrome 142.0.0.0 (Windows 10): Executed 55 of 324[31m (7 FAILED)[39m (0 secs / 1.065 secs)
[1A[2KChrome 142.0.0.0 (Windows 10): Executed 56 of 324[31m (7 FAILED)[39m (0 secs / 1.068 secs)
[1A[2KChrome 142.0.0.0 (Windows 10): Executed 57 of 324[31m (7 FAILED)[39m (0 secs / 1.073 secs)
[1A[2KChrome 142.0.0.0 (Windows 10): Executed 58 of 324[31m (7 FAILED)[39m (0 secs / 1.089 secs)
[1A[2KChrome 142.0.0.0 (Windows 10): Executed 59 of 324[31m (7 FAILED)[39m (0 secs / 1.096 secs)
[1A[2KChrome 142.0.0.0 (Windows 10): Executed 60 of 324[31m (7 FAILED)[39m (0 secs / 1.101 secs)
[1A[2KChrome 142.0.0.0 (Windows 10): Executed 61 of 324[31m (7 FAILED)[39m (0 secs / 1.106 secs)
[1A[2KChrome 142.0.0.0 (Windows 10): Executed 62 of 324[31m (7 FAILED)[39m (0 secs / 1.115 secs)
[1A[2KChrome 142.0.0.0 (Windows 10): Executed 63 of 324[31m (7 FAILED)[39m (0 secs / 1.121 secs)
[1A[2KChrome 142.0.0.0 (Windows 10): Executed 64 of 324[31m (7 FAILED)[39m (0 secs / 1.127 secs)
[1A[2KChrome 142.0.0.0 (Windows 10): Executed 65 of 324[31m (7 FAILED)[39m (0 secs / 1.13 secs)
[1A[2KChrome 142.0.0.0 (Windows 10): Executed 66 of 324[31m (7 FAILED)[39m (0 secs / 1.133 secs)
[1A[2KChrome 142.0.0.0 (Windows 10): Executed 67 of 324[31m (7 FAILED)[39m (0 secs / 1.136 secs)
[1A[2KWARN: [36m'contrast comp missing inputs'[39m
Chrome 142.0.0.0 (Windows 10): Executed 67 of 324[31m (7 FAILED)[39m (0 secs / 1.136 secs)
WARN: 'contrast comp missing inputs'
[1A[2KChrome 142.0.0.0 (Windows 10): Executed 68 of 324[31m (7 FAILED)[39m (0 secs / 1.139 secs)
[1A[2KChrome 142.0.0.0 (Windows 10): Executed 69 of 324[31m (7 FAILED)[39m (0 secs / 1.142 secs)
[1A[2KChrome 142.0.0.0 (Windows 10): Executed 70 of 324[31m (7 FAILED)[39m (0 secs / 1.144 secs)
[1A[2KChrome 142.0.0.0 (Windows 10): Executed 71 of 324[31m (7 FAILED)[39m (0 secs / 1.146 secs)
[1A[2KChrome 142.0.0.0 (Windows 10): Executed 72 of 324[31m (7 FAILED)[39m (0 secs / 1.149 secs)
[1A[2K[31mChrome 142.0.0.0 (Windows 10) ColorContrastComponent Edge cases should handle identical colors FAILED[39m
	Expected NaN to be 0.
	    at <Jasmine>
	    at UserContext.<anonymous> (src/app/_components/color-contrast/color-contrast.component.spec.ts:268:41)
	    at _ZoneDelegate.invoke (node_modules/zone.js/fesm2015/zone.js:398:28)
	    at _ProxyZoneSpec.onInvoke (node_modules/zone.js/fesm2015/zone-testing.js:2132:39)
	    at _ZoneDelegate.invoke (node_modules/zone.js/fesm2015/zone.js:397:34)
Chrome 142.0.0.0 (Windows 10): Executed 73 of 324[31m (8 FAILED)[39m (0 secs / 1.154 secs)
[1A[2K[31mChrome 142.0.0.0 (Windows 10) ColorContrastComponent Edge cases should handle very low contrast FAILED[39m
	Expected actual not to be NaN.
	    at <Jasmine>
	    at UserContext.<anonymous> (src/app/_components/color-contrast/color-contrast.component.spec.ts:277:45)
	    at _ZoneDelegate.invoke (node_modules/zone.js/fesm2015/zone.js:398:28)
	    at _ProxyZoneSpec.onInvoke (node_modules/zone.js/fesm2015/zone-testing.js:2132:39)
	    at _ZoneDelegate.invoke (node_modules/zone.js/fesm2015/zone.js:397:34)
Chrome 142.0.0.0 (Windows 10): Executed 74 of 324[31m (9 FAILED)[39m (0 secs / 1.157 secs)
[1A[2KChrome 142.0.0.0 (Windows 10): Executed 75 of 324[31m (9 FAILED)[39m (0 secs / 1.16 secs)
[1A[2K[31mChrome 142.0.0.0 (Windows 10) ColorContrastComponent Integration with services should handle service returning zero FAILED[39m
	Expected NaN to be 0.
	    at <Jasmine>
	    at UserContext.<anonymous> (src/app/_components/color-contrast/color-contrast.component.spec.ts:257:41)
	    at _ZoneDelegate.invoke (node_modules/zone.js/fesm2015/zone.js:398:28)
	    at _ProxyZoneSpec.onInvoke (node_modules/zone.js/fesm2015/zone-testing.js:2132:39)
	    at _ZoneDelegate.invoke (node_modules/zone.js/fesm2015/zone.js:397:34)
Chrome 142.0.0.0 (Windows 10): Executed 76 of 324[31m (10 FAILED)[39m (0 secs / 1.163 secs)
[1A[2KChrome 142.0.0.0 (Windows 10): Executed 77 of 324[31m (10 FAILED)[39m (0 secs / 1.191 secs)
[1A[2KChrome 142.0.0.0 (Windows 10): Executed 78 of 324[31m (10 FAILED)[39m (0 secs / 1.197 secs)
[1A[2KChrome 142.0.0.0 (Windows 10): Executed 79 of 324[31m (10 FAILED)[39m (0 secs / 1.201 secs)
[1A[2KChrome 142.0.0.0 (Windows 10): Executed 80 of 324[31m (10 FAILED)[39m (0 secs / 1.205 secs)
[1A[2KChrome 142.0.0.0 (Windows 10): Executed 81 of 324[31m (10 FAILED)[39m (0 secs / 1.209 secs)
[1A[2KChrome 142.0.0.0 (Windows 10): Executed 82 of 324[31m (10 FAILED)[39m (0 secs / 1.213 secs)
[1A[2KWARN: [36m'no colors for successes'[39m
Chrome 142.0.0.0 (Windows 10): Executed 82 of 324[31m (10 FAILED)[39m (0 secs / 1.213 secs)
WARN: 'no colors for successes'
[1A[2KWARN: [36m'failed to get color differences'[39m
Chrome 142.0.0.0 (Windows 10): Executed 82 of 324[31m (10 FAILED)[39m (0 secs / 1.213 secs)
WARN: 'failed to get color differences'
[1A[2KWARN: [36m'failed to get colorOne meta'[39m
Chrome 142.0.0.0 (Windows 10): Executed 82 of 324[31m (10 FAILED)[39m (0 secs / 1.213 secs)
WARN: 'failed to get colorOne meta'
[1A[2KWARN: [36m'failed to get colorTwo meta'[39m
Chrome 142.0.0.0 (Windows 10): Executed 82 of 324[31m (10 FAILED)[39m (0 secs / 1.213 secs)
WARN: 'failed to get colorTwo meta'
[1A[2KChrome 142.0.0.0 (Windows 10): Executed 83 of 324[31m (10 FAILED)[39m (0 secs / 1.217 secs)
[1A[2KChrome 142.0.0.0 (Windows 10): Executed 84 of 324[31m (10 FAILED)[39m (0 secs / 1.221 secs)
[1A[2KChrome 142.0.0.0 (Windows 10): Executed 85 of 324[31m (10 FAILED)[39m (0 secs / 1.224 secs)
[1A[2K[31mChrome 142.0.0.0 (Windows 10) MetadataComponent Edge cases should handle identical colors FAILED[39m
	Expected actual not to be NaN.
	    at <Jasmine>
	    at UserContext.<anonymous> (src/app/_components/metadata/metadata.component.spec.ts:363:31)
	    at _ZoneDelegate.invoke (node_modules/zone.js/fesm2015/zone.js:398:28)
	    at _ProxyZoneSpec.onInvoke (node_modules/zone.js/fesm2015/zone-testing.js:2132:39)
	    at _ZoneDelegate.invoke (node_modules/zone.js/fesm2015/zone.js:397:34)
Chrome 142.0.0.0 (Windows 10): Executed 86 of 324[31m (11 FAILED)[39m (0 secs / 1.229 secs)
[1A[2KChrome 142.0.0.0 (Windows 10): Executed 87 of 324[31m (11 FAILED)[39m (0 secs / 1.233 secs)
[1A[2KChrome 142.0.0.0 (Windows 10): Executed 88 of 324[31m (11 FAILED)[39m (0 secs / 1.237 secs)
[1A[2KChrome 142.0.0.0 (Windows 10): Executed 89 of 324[31m (11 FAILED)[39m (0 secs / 1.241 secs)
[1A[2KChrome 142.0.0.0 (Windows 10): Executed 90 of 324[31m (11 FAILED)[39m (0 secs / 1.245 secs)
[1A[2KChrome 142.0.0.0 (Windows 10): Executed 91 of 324[31m (11 FAILED)[39m (0 secs / 1.249 secs)
[1A[2KChrome 142.0.0.0 (Windows 10): Executed 92 of 324[31m (11 FAILED)[39m (0 secs / 1.251 secs)
[1A[2KChrome 142.0.0.0 (Windows 10): Executed 93 of 324[31m (11 FAILED)[39m (0 secs / 1.253 secs)
[1A[2KChrome 142.0.0.0 (Windows 10): Executed 94 of 324[31m (11 FAILED)[39m (0 secs / 1.256 secs)
[1A[2KChrome 142.0.0.0 (Windows 10): Executed 95 of 324[31m (11 FAILED)[39m (0 secs / 1.26 secs)
[1A[2KChrome 142.0.0.0 (Windows 10): Executed 96 of 324[31m (11 FAILED)[39m (0 secs / 1.264 secs)
[1A[2KChrome 142.0.0.0 (Windows 10): Executed 97 of 324[31m (11 FAILED)[39m (0 secs / 1.266 secs)
[1A[2KChrome 142.0.0.0 (Windows 10): Executed 98 of 324[31m (11 FAILED)[39m (0 secs / 1.269 secs)
[1A[2KChrome 142.0.0.0 (Windows 10): Executed 99 of 324[31m (11 FAILED)[39m (0 secs / 1.273 secs)
[1A[2KChrome 142.0.0.0 (Windows 10): Executed 100 of 324[31m (11 FAILED)[39m (0 secs / 1.276 secs)
[1A[2KChrome 142.0.0.0 (Windows 10): Executed 101 of 324[31m (11 FAILED)[39m (0 secs / 1.278 secs)
[1A[2KChrome 142.0.0.0 (Windows 10): Executed 102 of 324[31m (11 FAILED)[39m (0 secs / 1.28 secs)
[1A[2KChrome 142.0.0.0 (Windows 10): Executed 103 of 324[31m (11 FAILED)[39m (0 secs / 1.291 secs)
[1A[2KChrome 142.0.0.0 (Windows 10): Executed 104 of 324[31m (11 FAILED)[39m (0 secs / 1.294 secs)
[1A[2KChrome 142.0.0.0 (Windows 10): Executed 105 of 324[31m (11 FAILED)[39m (0 secs / 1.298 secs)
[1A[2KChrome 142.0.0.0 (Windows 10): Executed 106 of 324[31m (11 FAILED)[39m (0 secs / 1.301 secs)
[1A[2KChrome 142.0.0.0 (Windows 10): Executed 107 of 324[31m (11 FAILED)[39m (0 secs / 1.303 secs)
[1A[2KChrome 142.0.0.0 (Windows 10): Executed 108 of 324[31m (11 FAILED)[39m (0 secs / 1.305 secs)
[1A[2KChrome 142.0.0.0 (Windows 10): Executed 109 of 324[31m (11 FAILED)[39m (0 secs / 1.307 secs)
[1A[2KChrome 142.0.0.0 (Windows 10): Executed 110 of 324[31m (11 FAILED)[39m (0 secs / 1.314 secs)
[1A[2KChrome 142.0.0.0 (Windows 10): Executed 111 of 324[31m (11 FAILED)[39m (0 secs / 1.316 secs)
[1A[2KChrome 142.0.0.0 (Windows 10): Executed 112 of 324[31m (11 FAILED)[39m (0 secs / 1.318 secs)
[1A[2KChrome 142.0.0.0 (Windows 10): Executed 113 of 324[31m (11 FAILED)[39m (0 secs / 1.32 secs)
[1A[2KChrome 142.0.0.0 (Windows 10): Executed 114 of 324[31m (11 FAILED)[39m (0 secs / 1.322 secs)
[1A[2KChrome 142.0.0.0 (Windows 10): Executed 115 of 324[31m (11 FAILED)[39m (0 secs / 1.324 secs)
[1A[2KChrome 142.0.0.0 (Windows 10): Executed 116 of 324[31m (11 FAILED)[39m (0 secs / 1.327 secs)
[1A[2KChrome 142.0.0.0 (Windows 10): Executed 117 of 324[31m (11 FAILED)[39m (0 secs / 1.329 secs)
[1A[2KChrome 142.0.0.0 (Windows 10): Executed 118 of 324[31m (11 FAILED)[39m (0 secs / 1.331 secs)
[1A[2KChrome 142.0.0.0 (Windows 10): Executed 119 of 324[31m (11 FAILED)[39m (0 secs / 1.333 secs)
[1A[2KChrome 142.0.0.0 (Windows 10): Executed 120 of 324[31m (11 FAILED)[39m (0 secs / 1.336 secs)
[1A[2KChrome 142.0.0.0 (Windows 10): Executed 121 of 324[31m (11 FAILED)[39m (0 secs / 1.338 secs)
[1A[2KChrome 142.0.0.0 (Windows 10): Executed 122 of 324[31m (11 FAILED)[39m (0 secs / 1.34 secs)
[1A[2KChrome 142.0.0.0 (Windows 10): Executed 123 of 324[31m (11 FAILED)[39m (0 secs / 1.342 secs)
[1A[2KChrome 142.0.0.0 (Windows 10): Executed 124 of 324[31m (11 FAILED)[39m (0 secs / 1.343 secs)
[1A[2KChrome 142.0.0.0 (Windows 10): Executed 125 of 324[31m (11 FAILED)[39m (0 secs / 1.346 secs)
[1A[2KChrome 142.0.0.0 (Windows 10): Executed 126 of 324[31m (11 FAILED)[39m (0 secs / 1.349 secs)
[1A[2KChrome 142.0.0.0 (Windows 10): Executed 127 of 324[31m (11 FAILED)[39m (0 secs / 1.352 secs)
[1A[2KChrome 142.0.0.0 (Windows 10): Executed 128 of 324[31m (11 FAILED)[39m (0 secs / 1.355 secs)
[1A[2K[31mChrome 142.0.0.0 (Windows 10) ColorPickerComponent updateInputValue should update input element value when element exists FAILED[39m
	Expected '#000000' to be '#ff5733'.
	    at <Jasmine>
	    at UserContext.<anonymous> (src/app/_components/color-picker/color-picker.component.spec.ts:161:27)
	    at _ZoneDelegate.invoke (node_modules/zone.js/fesm2015/zone.js:398:28)
	    at _ProxyZoneSpec.onInvoke (node_modules/zone.js/fesm2015/zone-testing.js:2132:39)
	    at _ZoneDelegate.invoke (node_modules/zone.js/fesm2015/zone.js:397:34)
Chrome 142.0.0.0 (Windows 10): Executed 129 of 324[31m (12 FAILED)[39m (0 secs / 1.358 secs)
[1A[2KChrome 142.0.0.0 (Windows 10): Executed 130 of 324[31m (12 FAILED)[39m (0 secs / 1.361 secs)
[1A[2KChrome 142.0.0.0 (Windows 10): Executed 131 of 324[31m (12 FAILED)[39m (0 secs / 1.363 secs)
[1A[2KChrome 142.0.0.0 (Windows 10): Executed 132 of 324[31m (12 FAILED)[39m (0 secs / 1.365 secs)
[1A[2KWARN: [36m'issue calculating BPCA'[39m
Chrome 142.0.0.0 (Windows 10): Executed 132 of 324[31m (12 FAILED)[39m (0 secs / 1.365 secs)
WARN: 'issue calculating BPCA'
[1A[2KChrome 142.0.0.0 (Windows 10): Executed 133 of 324[31m (12 FAILED)[39m (0 secs / 1.367 secs)
[1A[2KChrome 142.0.0.0 (Windows 10): Executed 134 of 324[31m (12 FAILED)[39m (0 secs / 1.368 secs)
[1A[2KChrome 142.0.0.0 (Windows 10): Executed 135 of 324[31m (12 FAILED)[39m (0 secs / 1.369 secs)
[1A[2KChrome 142.0.0.0 (Windows 10): Executed 136 of 324[31m (12 FAILED)[39m (0 secs / 1.37 secs)
[1A[2KChrome 142.0.0.0 (Windows 10): Executed 137 of 324[31m (12 FAILED)[39m (0 secs / 1.371 secs)
[1A[2KChrome 142.0.0.0 (Windows 10): Executed 138 of 324[31m (12 FAILED)[39m (0 secs / 1.372 secs)
[1A[2KChrome 142.0.0.0 (Windows 10): Executed 139 of 324[31m (12 FAILED)[39m (0 secs / 1.373 secs)
[1A[2KChrome 142.0.0.0 (Windows 10): Executed 140 of 324[31m (12 FAILED)[39m (0 secs / 1.374 secs)
[1A[2KChrome 142.0.0.0 (Windows 10): Executed 141 of 324[31m (12 FAILED)[39m (0 secs / 1.375 secs)
[1A[2KChrome 142.0.0.0 (Windows 10): Executed 142 of 324[31m (12 FAILED)[39m (0 secs / 1.376 secs)
[1A[2KChrome 142.0.0.0 (Windows 10): Executed 143 of 324[31m (12 FAILED)[39m (0 secs / 1.377 secs)
[1A[2KChrome 142.0.0.0 (Windows 10): Executed 144 of 324[31m (12 FAILED)[39m (0 secs / 1.378 secs)
[1A[2KChrome 142.0.0.0 (Windows 10): Executed 145 of 324[31m (12 FAILED)[39m (0 secs / 1.379 secs)
[1A[2KChrome 142.0.0.0 (Windows 10): Executed 146 of 324[31m (12 FAILED)[39m (0 secs / 1.38 secs)
[1A[2KChrome 142.0.0.0 (Windows 10): Executed 147 of 324[31m (12 FAILED)[39m (0 secs / 1.381 secs)
[1A[2KChrome 142.0.0.0 (Windows 10): Executed 148 of 324[31m (12 FAILED)[39m (0 secs / 1.382 secs)
[1A[2KChrome 142.0.0.0 (Windows 10): Executed 149 of 324[31m (12 FAILED)[39m (0 secs / 1.383 secs)
[1A[2KChrome 142.0.0.0 (Windows 10): Executed 150 of 324[31m (12 FAILED)[39m (0 secs / 1.384 secs)
[1A[2KChrome 142.0.0.0 (Windows 10): Executed 151 of 324[31m (12 FAILED)[39m (0 secs / 1.385 secs)
[1A[2KChrome 142.0.0.0 (Windows 10): Executed 152 of 324[31m (12 FAILED)[39m (0 secs / 1.386 secs)
[1A[2KChrome 142.0.0.0 (Windows 10): Executed 153 of 324[31m (12 FAILED)[39m (0 secs / 1.387 secs)
[1A[2KChrome 142.0.0.0 (Windows 10): Executed 154 of 324[31m (12 FAILED)[39m (0 secs / 1.387 secs)
[1A[2KChrome 142.0.0.0 (Windows 10): Executed 155 of 324[31m (12 FAILED)[39m (0 secs / 1.387 secs)
[1A[2KChrome 142.0.0.0 (Windows 10): Executed 156 of 324[31m (12 FAILED)[39m (0 secs / 1.388 secs)
[1A[2KChrome 142.0.0.0 (Windows 10): Executed 157 of 324[31m (12 FAILED)[39m (0 secs / 1.389 secs)
[1A[2KChrome 142.0.0.0 (Windows 10): Executed 158 of 324[31m (12 FAILED)[39m (0 secs / 1.389 secs)
[1A[2KChrome 142.0.0.0 (Windows 10): Executed 159 of 324[31m (12 FAILED)[39m (0 secs / 1.389 secs)
[1A[2KChrome 142.0.0.0 (Windows 10): Executed 160 of 324[31m (12 FAILED)[39m (0 secs / 1.389 secs)
[1A[2KChrome 142.0.0.0 (Windows 10): Executed 161 of 324[31m (12 FAILED)[39m (0 secs / 1.39 secs)
[1A[2KChrome 142.0.0.0 (Windows 10): Executed 162 of 324[31m (12 FAILED)[39m (0 secs / 1.391 secs)
[1A[2K[31mChrome 142.0.0.0 (Windows 10) BpcaService alphaBlend should blend fully transparent foreground FAILED[39m
	Expected $.length = 4 to equal 3.
	Expected $[0] = 255 to equal 0.
	Expected $[1] = 0 to equal 255.
	Unexpected $[3] = 0 in array.
	    at <Jasmine>
	    at UserContext.<anonymous> (src/app/services/bpca.service.spec.ts:191:22)
	    at _ZoneDelegate.invoke (node_modules/zone.js/fesm2015/zone.js:398:28)
	    at _ProxyZoneSpec.onInvoke (node_modules/zone.js/fesm2015/zone-testing.js:2132:39)
	    at _ZoneDelegate.invoke (node_modules/zone.js/fesm2015/zone.js:397:34)
Chrome 142.0.0.0 (Windows 10): Executed 163 of 324[31m (13 FAILED)[39m (0 secs / 1.392 secs)
[1A[2KChrome 142.0.0.0 (Windows 10): Executed 164 of 324[31m (13 FAILED)[39m (0 secs / 1.393 secs)
[1A[2KChrome 142.0.0.0 (Windows 10): Executed 165 of 324[31m (13 FAILED)[39m (0 secs / 1.394 secs)
[1A[2KChrome 142.0.0.0 (Windows 10): Executed 166 of 324[31m (13 FAILED)[39m (0 secs / 1.395 secs)
[1A[2KChrome 142.0.0.0 (Windows 10): Executed 167 of 324[31m (13 FAILED)[39m (0 secs / 1.397 secs)
[1A[2KChrome 142.0.0.0 (Windows 10): Executed 168 of 324[31m (13 FAILED)[39m (0 secs / 1.398 secs)
[1A[2KERROR: [36mTypeError: Could not parse invalid as a color. Missing a plugin?
TypeError: Could not parse invalid as a color. Missing a plugin?
    at _Color.parse (http://localhost:9876/base/node_modules/colorjs.io/dist/color.js:622:8)
    at ColorUtilService2.parseColor (http://localhost:9876/base/src/app/services/color-util.service.ts:43:27)
    at ColorUtilService2.getRgb255Array (http://localhost:9876/base/src/app/services/color-util.service.ts:51:27)
    at BpcaService2.calcBPCA (http://localhost:9876/base/src/app/services/bpca.service.ts:240:26)
    at UserContext.<anonymous> (http://localhost:9876/base/src/app/services/bpca.service.spec.ts:245:30)
    at _ZoneDelegate.invoke (http://localhost:9876/base/node_modules/zone.js/fesm2015/zone.js:398:28)
    at _ProxyZoneSpec.onInvoke (http://localhost:9876/base/node_modules/zone.js/fesm2015/zone-testing.js:2132:39)
    at _ZoneDelegate.invoke (http://localhost:9876/base/node_modules/zone.js/fesm2015/zone.js:397:34)
    at ZoneImpl.run (http://localhost:9876/base/node_modules/zone.js/fesm2015/zone.js:113:43)
    at runInTestZone (http://localhost:9876/base/node_modules/zone.js/fesm2015/zone-testing.js:216:38)[39m
Chrome 142.0.0.0 (Windows 10): Executed 168 of 324[31m (13 FAILED)[39m (0 secs / 1.398 secs)
ERROR: TypeError: Could not parse invalid as a color. Missing a plugin?
TypeError: Could not parse invalid as a color. Missing a plugin?
    at _Color.parse (http://localhost:9876/base/node_modules/colorjs.io/dist/color.js:622:8)
    at ColorUtilService2.parseColor (http://localhost:9876/base/src/app/services/color-util.service.ts:43:27)
    at ColorUtilService2.getRgb255Array (http://localhost:9876/base/src/app/services/color-util.service.ts:51:27)
    at BpcaService2.calcBPCA (http://localhost:9876/base/src/app/services/bpca.service.ts:240:26)
    at UserContext.<anonymous> (http://localhost:9876/base/src/app/services/bpca.service.spec.ts:245:30)
    at _ZoneDelegate.invoke (http://localhost:9876/base/node_modules/zone.js/fesm2015/zone.js:398:28)
    at _ProxyZoneSpec.onInvoke (http://localhost:9876/base/node_modules/zone.js/fesm2015/zone-testing.js:2132:39)
    at _ZoneDelegate.invoke (http://localhost:9876/base/node_modules/zone.js/fesm2015/zone.js:397:34)
    at ZoneImpl.run (http://localhost:9876/base/node_modules/zone.js/fesm2015/zone.js:113:43)
    at runInTestZone (http://localhost:9876/base/node_modules/zone.js/fesm2015/zone-testing.js:216:38)
[1A[2KERROR: [36m'unable to parse: invalid'[39m
Chrome 142.0.0.0 (Windows 10): Executed 168 of 324[31m (13 FAILED)[39m (0 secs / 1.398 secs)
ERROR: 'unable to parse: invalid'
[1A[2KWARN: [36m'issue calculating BPCA'[39m
Chrome 142.0.0.0 (Windows 10): Executed 168 of 324[31m (13 FAILED)[39m (0 secs / 1.398 secs)
WARN: 'issue calculating BPCA'
[1A[2KChrome 142.0.0.0 (Windows 10): Executed 169 of 324[31m (13 FAILED)[39m (0 secs / 1.556 secs)
[1A[2KERROR: [36mTypeError: Could not parse invalid as a color. Missing a plugin?
TypeError: Could not parse invalid as a color. Missing a plugin?
    at _Color.parse (http://localhost:9876/base/node_modules/colorjs.io/dist/color.js:622:8)
    at ColorUtilService2.parseColor (http://localhost:9876/base/src/app/services/color-util.service.ts:43:27)
    at ColorUtilService2.getRgb255Array (http://localhost:9876/base/src/app/services/color-util.service.ts:51:27)
    at BpcaService2.calcBPCA (http://localhost:9876/base/src/app/services/bpca.service.ts:241:26)
    at UserContext.<anonymous> (http://localhost:9876/base/src/app/services/bpca.service.spec.ts:250:30)
    at _ZoneDelegate.invoke (http://localhost:9876/base/node_modules/zone.js/fesm2015/zone.js:398:28)
    at _ProxyZoneSpec.onInvoke (http://localhost:9876/base/node_modules/zone.js/fesm2015/zone-testing.js:2132:39)
    at _ZoneDelegate.invoke (http://localhost:9876/base/node_modules/zone.js/fesm2015/zone.js:397:34)
    at ZoneImpl.run (http://localhost:9876/base/node_modules/zone.js/fesm2015/zone.js:113:43)
    at runInTestZone (http://localhost:9876/base/node_modules/zone.js/fesm2015/zone-testing.js:216:38)[39m
Chrome 142.0.0.0 (Windows 10): Executed 169 of 324[31m (13 FAILED)[39m (0 secs / 1.556 secs)
ERROR: TypeError: Could not parse invalid as a color. Missing a plugin?
TypeError: Could not parse invalid as a color. Missing a plugin?
    at _Color.parse (http://localhost:9876/base/node_modules/colorjs.io/dist/color.js:622:8)
    at ColorUtilService2.parseColor (http://localhost:9876/base/src/app/services/color-util.service.ts:43:27)
    at ColorUtilService2.getRgb255Array (http://localhost:9876/base/src/app/services/color-util.service.ts:51:27)
    at BpcaService2.calcBPCA (http://localhost:9876/base/src/app/services/bpca.service.ts:241:26)
    at UserContext.<anonymous> (http://localhost:9876/base/src/app/services/bpca.service.spec.ts:250:30)
    at _ZoneDelegate.invoke (http://localhost:9876/base/node_modules/zone.js/fesm2015/zone.js:398:28)
    at _ProxyZoneSpec.onInvoke (http://localhost:9876/base/node_modules/zone.js/fesm2015/zone-testing.js:2132:39)
    at _ZoneDelegate.invoke (http://localhost:9876/base/node_modules/zone.js/fesm2015/zone.js:397:34)
    at ZoneImpl.run (http://localhost:9876/base/node_modules/zone.js/fesm2015/zone.js:113:43)
    at runInTestZone (http://localhost:9876/base/node_modules/zone.js/fesm2015/zone-testing.js:216:38)
[1A[2KERROR: [36m'unable to parse: invalid'[39m
Chrome 142.0.0.0 (Windows 10): Executed 169 of 324[31m (13 FAILED)[39m (0 secs / 1.556 secs)
ERROR: 'unable to parse: invalid'
[1A[2KWARN: [36m'issue calculating BPCA'[39m
Chrome 142.0.0.0 (Windows 10): Executed 169 of 324[31m (13 FAILED)[39m (0 secs / 1.556 secs)
WARN: 'issue calculating BPCA'
[1A[2KChrome 142.0.0.0 (Windows 10): Executed 170 of 324[31m (13 FAILED)[39m (0 secs / 1.562 secs)
[1A[2KChrome 142.0.0.0 (Windows 10): Executed 171 of 324[31m (13 FAILED)[39m (0 secs / 1.564 secs)
[1A[2KChrome 142.0.0.0 (Windows 10): Executed 172 of 324[31m (13 FAILED)[39m (0 secs / 1.566 secs)
[1A[2KChrome 142.0.0.0 (Windows 10): Executed 173 of 324[31m (13 FAILED)[39m (0 secs / 1.567 secs)
[1A[2KChrome 142.0.0.0 (Windows 10): Executed 174 of 324[31m (13 FAILED)[39m (0 secs / 1.568 secs)
[1A[2KChrome 142.0.0.0 (Windows 10): Executed 175 of 324[31m (13 FAILED)[39m (0 secs / 1.569 secs)
[1A[2KChrome 142.0.0.0 (Windows 10): Executed 176 of 324[31m (13 FAILED)[39m (0 secs / 1.571 secs)
[1A[2KChrome 142.0.0.0 (Windows 10): Executed 177 of 324[31m (13 FAILED)[39m (0 secs / 1.573 secs)
[1A[2KChrome 142.0.0.0 (Windows 10): Executed 178 of 324[31m (13 FAILED)[39m (0 secs / 1.574 secs)
[1A[2KChrome 142.0.0.0 (Windows 10): Executed 179 of 324[31m (13 FAILED)[39m (0 secs / 1.576 secs)
[1A[2KChrome 142.0.0.0 (Windows 10): Executed 180 of 324[31m (13 FAILED)[39m (0 secs / 1.577 secs)
[1A[2KChrome 142.0.0.0 (Windows 10): Executed 181 of 324[31m (13 FAILED)[39m (0 secs / 1.578 secs)
[1A[2KChrome 142.0.0.0 (Windows 10): Executed 182 of 324[31m (13 FAILED)[39m (0 secs / 1.58 secs)
[1A[2KChrome 142.0.0.0 (Windows 10): Executed 183 of 324[31m (13 FAILED)[39m (0 secs / 1.581 secs)
[1A[2KChrome 142.0.0.0 (Windows 10): Executed 184 of 324[31m (13 FAILED)[39m (0 secs / 1.584 secs)
[1A[2KChrome 142.0.0.0 (Windows 10): Executed 185 of 324[31m (13 FAILED)[39m (0 secs / 1.585 secs)
[1A[2KChrome 142.0.0.0 (Windows 10): Executed 186 of 324[31m (13 FAILED)[39m (0 secs / 1.585 secs)
[1A[2KChrome 142.0.0.0 (Windows 10): Executed 187 of 324[31m (13 FAILED)[39m (0 secs / 1.586 secs)
[1A[2KChrome 142.0.0.0 (Windows 10): Executed 188 of 324[31m (13 FAILED)[39m (0 secs / 1.587 secs)
[1A[2KChrome 142.0.0.0 (Windows 10): Executed 189 of 324[31m (13 FAILED)[39m (0 secs / 1.588 secs)
[1A[2KChrome 142.0.0.0 (Windows 10): Executed 190 of 324[31m (13 FAILED)[39m (0 secs / 1.59 secs)
[1A[2KWARN: [36m'issue calculating BPCA'[39m
Chrome 142.0.0.0 (Windows 10): Executed 190 of 324[31m (13 FAILED)[39m (0 secs / 1.59 secs)
WARN: 'issue calculating BPCA'
[1A[2KWARN: [36m'trouble calculating raw BPCA'[39m
Chrome 142.0.0.0 (Windows 10): Executed 190 of 324[31m (13 FAILED)[39m (0 secs / 1.59 secs)
WARN: 'trouble calculating raw BPCA'
[1A[2KChrome 142.0.0.0 (Windows 10): Executed 191 of 324[31m (13 FAILED)[39m (0 secs / 1.594 secs)
[1A[2KChrome 142.0.0.0 (Windows 10): Executed 192 of 324[31m (13 FAILED)[39m (0 secs / 1.597 secs)
[1A[2KChrome 142.0.0.0 (Windows 10): Executed 193 of 324[31m (13 FAILED)[39m (0 secs / 1.599 secs)
[1A[2KChrome 142.0.0.0 (Windows 10): Executed 194 of 324[31m (13 FAILED)[39m (0 secs / 1.601 secs)
[1A[2KChrome 142.0.0.0 (Windows 10): Executed 195 of 324[31m (13 FAILED)[39m (0 secs / 1.606 secs)
[1A[2KChrome 142.0.0.0 (Windows 10): Executed 196 of 324[31m (13 FAILED)[39m (0 secs / 1.611 secs)
[1A[2KChrome 142.0.0.0 (Windows 10): Executed 197 of 324[31m (13 FAILED)[39m (0 secs / 1.614 secs)
[1A[2KChrome 142.0.0.0 (Windows 10): Executed 198 of 324[31m (13 FAILED)[39m (0 secs / 1.616 secs)
[1A[2KChrome 142.0.0.0 (Windows 10): Executed 199 of 324[31m (13 FAILED)[39m (0 secs / 1.617 secs)
[1A[2KChrome 142.0.0.0 (Windows 10): Executed 200 of 324[31m (13 FAILED)[39m (0 secs / 1.619 secs)
[1A[2KChrome 142.0.0.0 (Windows 10): Executed 201 of 324[31m (13 FAILED)[39m (0 secs / 1.62 secs)
[1A[2KChrome 142.0.0.0 (Windows 10): Executed 202 of 324[31m (13 FAILED)[39m (0 secs / 1.621 secs)
[1A[2KChrome 142.0.0.0 (Windows 10): Executed 203 of 324[31m (13 FAILED)[39m (0 secs / 1.622 secs)
[1A[2KChrome 142.0.0.0 (Windows 10): Executed 204 of 324[31m (13 FAILED)[39m (0 secs / 1.623 secs)
[1A[2KChrome 142.0.0.0 (Windows 10): Executed 205 of 324[31m (13 FAILED)[39m (0 secs / 1.624 secs)
[1A[2KChrome 142.0.0.0 (Windows 10): Executed 206 of 324[31m (13 FAILED)[39m (0 secs / 1.625 secs)
[1A[2KChrome 142.0.0.0 (Windows 10): Executed 207 of 324[31m (13 FAILED)[39m (0 secs / 1.625 secs)
[1A[2KERROR: [36m'Raw APCA contrast was not calculable'[39m
Chrome 142.0.0.0 (Windows 10): Executed 207 of 324[31m (13 FAILED)[39m (0 secs / 1.625 secs)
ERROR: 'Raw APCA contrast was not calculable'
[1A[2KChrome 142.0.0.0 (Windows 10): Executed 208 of 324[31m (13 FAILED)[39m (0 secs / 1.626 secs)
[1A[2KChrome 142.0.0.0 (Windows 10): Executed 209 of 324[31m (13 FAILED)[39m (0 secs / 1.627 secs)
[1A[2KChrome 142.0.0.0 (Windows 10): Executed 210 of 324[31m (13 FAILED)[39m (0 secs / 1.643 secs)
[1A[2KChrome 142.0.0.0 (Windows 10): Executed 211 of 324[31m (13 FAILED)[39m (0 secs / 1.644 secs)
[1A[2KChrome 142.0.0.0 (Windows 10): Executed 212 of 324[31m (13 FAILED)[39m (0 secs / 1.662 secs)
[1A[2KChrome 142.0.0.0 (Windows 10): Executed 213 of 324[31m (13 FAILED)[39m (0 secs / 1.664 secs)
[1A[2KChrome 142.0.0.0 (Windows 10): Executed 214 of 324[31m (13 FAILED)[39m (0 secs / 1.669 secs)
[1A[2K[31mChrome 142.0.0.0 (Windows 10) PaletteTableComponent Effect behavior should update table when color changes FAILED[39m
	TypeError: Cannot read properties of undefined (reading 'toFixed')
	    at PaletteTableComponent2_Conditional_1_For_8_Template (ng:///PaletteTableComponent2.js:12:39)
	    at executeTemplate (node_modules/@angular/core/fesm2022/debug_node.mjs:8091:9)
	    at refreshView (node_modules/@angular/core/fesm2022/debug_node.mjs:9127:13)
	    at detectChangesInView (node_modules/@angular/core/fesm2022/debug_node.mjs:9357:9)
	    at detectChangesInViewIfAttached (node_modules/@angular/core/fesm2022/debug_node.mjs:9317:5)
	    at detectChangesInEmbeddedViews (node_modules/@angular/core/fesm2022/debug_node.mjs:9274:13)
	    at refreshView (node_modules/@angular/core/fesm2022/debug_node.mjs:9157:9)
	    at detectChangesInView (node_modules/@angular/core/fesm2022/debug_node.mjs:9357:9)
	    at detectChangesInViewIfAttached (node_modules/@angular/core/fesm2022/debug_node.mjs:9317:5)
	    at detectChangesInEmbeddedViews (node_modules/@angular/core/fesm2022/debug_node.mjs:9274:13)
Chrome 142.0.0.0 (Windows 10): Executed 215 of 324[31m (14 FAILED)[39m (0 secs / 1.676 secs)
[1A[2KChrome 142.0.0.0 (Windows 10): Executed 216 of 324[31m (14 FAILED)[39m (0 secs / 1.678 secs)
[1A[2KChrome 142.0.0.0 (Windows 10): Executed 217 of 324[31m (14 FAILED)[39m (0 secs / 1.68 secs)
[1A[2KChrome 142.0.0.0 (Windows 10): Executed 218 of 324[31m (14 FAILED)[39m (0 secs / 1.681 secs)
[1A[2KChrome 142.0.0.0 (Windows 10): Executed 219 of 324[31m (14 FAILED)[39m (0 secs / 1.683 secs)
[1A[2KChrome 142.0.0.0 (Windows 10): Executed 220 of 324[31m (14 FAILED)[39m (0 secs / 1.684 secs)
[1A[2KChrome 142.0.0.0 (Windows 10): Executed 221 of 324[31m (14 FAILED)[39m (0 secs / 1.685 secs)
[1A[2KChrome 142.0.0.0 (Windows 10): Executed 222 of 324[31m (14 FAILED)[39m (0 secs / 1.686 secs)
[1A[2KChrome 142.0.0.0 (Windows 10): Executed 223 of 324[31m (14 FAILED)[39m (0 secs / 1.687 secs)
[1A[2KChrome 142.0.0.0 (Windows 10): Executed 224 of 324[31m (14 FAILED)[39m (0 secs / 1.688 secs)
[1A[2KChrome 142.0.0.0 (Windows 10): Executed 225 of 324[31m (14 FAILED)[39m (0 secs / 1.689 secs)
[1A[2KChrome 142.0.0.0 (Windows 10): Executed 226 of 324[31m (14 FAILED)[39m (0 secs / 1.691 secs)
[1A[2KChrome 142.0.0.0 (Windows 10): Executed 227 of 324[31m (14 FAILED)[39m (0 secs / 1.693 secs)
[1A[2KChrome 142.0.0.0 (Windows 10): Executed 228 of 324[31m (14 FAILED)[39m (0 secs / 1.695 secs)
[1A[2KChrome 142.0.0.0 (Windows 10): Executed 229 of 324[31m (14 FAILED)[39m (0 secs / 1.696 secs)
[1A[2KChrome 142.0.0.0 (Windows 10): Executed 230 of 324[31m (14 FAILED)[39m (0 secs / 1.697 secs)
[1A[2KChrome 142.0.0.0 (Windows 10): Executed 231 of 324[31m (14 FAILED)[39m (0 secs / 1.698 secs)
[1A[2KChrome 142.0.0.0 (Windows 10): Executed 232 of 324[31m (14 FAILED)[39m (0 secs / 1.7 secs)
[1A[2KChrome 142.0.0.0 (Windows 10): Executed 233 of 324[31m (14 FAILED)[39m (0 secs / 1.701 secs)
[1A[2KChrome 142.0.0.0 (Windows 10): Executed 234 of 324[31m (14 FAILED)[39m (0 secs / 1.702 secs)
[1A[2KChrome 142.0.0.0 (Windows 10): Executed 235 of 324[31m (14 FAILED)[39m (0 secs / 1.703 secs)
[1A[2KChrome 142.0.0.0 (Windows 10): Executed 236 of 324[31m (14 FAILED)[39m (0 secs / 1.705 secs)
[1A[2KChrome 142.0.0.0 (Windows 10): Executed 237 of 324[31m (14 FAILED)[39m (0 secs / 1.708 secs)
[1A[2KWARN: [36m'no color for palette table'[39m
Chrome 142.0.0.0 (Windows 10): Executed 237 of 324[31m (14 FAILED)[39m (0 secs / 1.708 secs)
WARN: 'no color for palette table'
[1A[2KChrome 142.0.0.0 (Windows 10): Executed 238 of 324[31m (14 FAILED)[39m (0 secs / 1.709 secs)
[1A[2KChrome 142.0.0.0 (Windows 10): Executed 239 of 324[31m (14 FAILED)[39m (0 secs / 1.711 secs)
[1A[2KChrome 142.0.0.0 (Windows 10): Executed 240 of 324[31m (14 FAILED)[39m (0 secs / 1.713 secs)
[1A[2KChrome 142.0.0.0 (Windows 10): Executed 241 of 324[31m (14 FAILED)[39m (0 secs / 1.716 secs)
[1A[2KChrome 142.0.0.0 (Windows 10): Executed 242 of 324[31m (14 FAILED)[39m (0 secs / 1.718 secs)
[1A[2KERROR: [36mTypeError: Could not parse  as a color. Missing a plugin?
TypeError: Could not parse  as a color. Missing a plugin?
    at _Color.parse (http://localhost:9876/base/node_modules/colorjs.io/dist/color.js:622:8)
    at ColorUtilService2.parseColor (http://localhost:9876/base/src/app/services/color-util.service.ts:43:27)
    at UserContext.<anonymous> (http://localhost:9876/base/src/app/services/color-util.service.spec.ts:38:30)
    at _ZoneDelegate.invoke (http://localhost:9876/base/node_modules/zone.js/fesm2015/zone.js:398:28)
    at _ProxyZoneSpec.onInvoke (http://localhost:9876/base/node_modules/zone.js/fesm2015/zone-testing.js:2132:39)
    at _ZoneDelegate.invoke (http://localhost:9876/base/node_modules/zone.js/fesm2015/zone.js:397:34)
    at ZoneImpl.run (http://localhost:9876/base/node_modules/zone.js/fesm2015/zone.js:113:43)
    at runInTestZone (http://localhost:9876/base/node_modules/zone.js/fesm2015/zone-testing.js:216:38)
    at UserContext.<anonymous> (http://localhost:9876/base/node_modules/zone.js/fesm2015/zone-testing.js:234:32)
    at ZoneQueueRunner.attempt (http://localhost:9876/absoluteC:/Users/pawn0/_dev/color-pair-quick-iterator/node_modules/karma-jasmine/node_modules/jasmine-core/lib/jasmine-core/jasmine.js?86d98e11f43f2c8cfac9fb4806ed6c0aced74cbe:7632:40)[39m
Chrome 142.0.0.0 (Windows 10): Executed 242 of 324[31m (14 FAILED)[39m (0 secs / 1.718 secs)
ERROR: TypeError: Could not parse  as a color. Missing a plugin?
TypeError: Could not parse  as a color. Missing a plugin?
    at _Color.parse (http://localhost:9876/base/node_modules/colorjs.io/dist/color.js:622:8)
    at ColorUtilService2.parseColor (http://localhost:9876/base/src/app/services/color-util.service.ts:43:27)
    at UserContext.<anonymous> (http://localhost:9876/base/src/app/services/color-util.service.spec.ts:38:30)
    at _ZoneDelegate.invoke (http://localhost:9876/base/node_modules/zone.js/fesm2015/zone.js:398:28)
    at _ProxyZoneSpec.onInvoke (http://localhost:9876/base/node_modules/zone.js/fesm2015/zone-testing.js:2132:39)
    at _ZoneDelegate.invoke (http://localhost:9876/base/node_modules/zone.js/fesm2015/zone.js:397:34)
    at ZoneImpl.run (http://localhost:9876/base/node_modules/zone.js/fesm2015/zone.js:113:43)
    at runInTestZone (http://localhost:9876/base/node_modules/zone.js/fesm2015/zone-testing.js:216:38)
    at UserContext.<anonymous> (http://localhost:9876/base/node_modules/zone.js/fesm2015/zone-testing.js:234:32)
    at ZoneQueueRunner.attempt (http://localhost:9876/absoluteC:/Users/pawn0/_dev/color-pair-quick-iterator/node_modules/karma-jasmine/node_modules/jasmine-core/lib/jasmine-core/jasmine.js?86d98e11f43f2c8cfac9fb4806ed6c0aced74cbe:7632:40)
[1A[2KChrome 142.0.0.0 (Windows 10): Executed 243 of 324[31m (14 FAILED)[39m (0 secs / 1.72 secs)
[1A[2KChrome 142.0.0.0 (Windows 10): Executed 244 of 324[31m (14 FAILED)[39m (0 secs / 1.721 secs)
[1A[2KChrome 142.0.0.0 (Windows 10): Executed 245 of 324[31m (14 FAILED)[39m (0 secs / 1.722 secs)
[1A[2KERROR: [36mTypeError: Could not parse not-a-color as a color. Missing a plugin?
TypeError: Could not parse not-a-color as a color. Missing a plugin?
    at _Color.parse (http://localhost:9876/base/node_modules/colorjs.io/dist/color.js:622:8)
    at ColorUtilService2.parseColor (http://localhost:9876/base/src/app/services/color-util.service.ts:43:27)
    at UserContext.<anonymous> (http://localhost:9876/base/src/app/services/color-util.service.spec.ts:33:30)
    at _ZoneDelegate.invoke (http://localhost:9876/base/node_modules/zone.js/fesm2015/zone.js:398:28)
    at _ProxyZoneSpec.onInvoke (http://localhost:9876/base/node_modules/zone.js/fesm2015/zone-testing.js:2132:39)
    at _ZoneDelegate.invoke (http://localhost:9876/base/node_modules/zone.js/fesm2015/zone.js:397:34)
    at ZoneImpl.run (http://localhost:9876/base/node_modules/zone.js/fesm2015/zone.js:113:43)
    at runInTestZone (http://localhost:9876/base/node_modules/zone.js/fesm2015/zone-testing.js:216:38)
    at UserContext.<anonymous> (http://localhost:9876/base/node_modules/zone.js/fesm2015/zone-testing.js:234:32)
    at ZoneQueueRunner.attempt (http://localhost:9876/absoluteC:/Users/pawn0/_dev/color-pair-quick-iterator/node_modules/karma-jasmine/node_modules/jasmine-core/lib/jasmine-core/jasmine.js?86d98e11f43f2c8cfac9fb4806ed6c0aced74cbe:7632:40)[39m
Chrome 142.0.0.0 (Windows 10): Executed 245 of 324[31m (14 FAILED)[39m (0 secs / 1.722 secs)
ERROR: TypeError: Could not parse not-a-color as a color. Missing a plugin?
TypeError: Could not parse not-a-color as a color. Missing a plugin?
    at _Color.parse (http://localhost:9876/base/node_modules/colorjs.io/dist/color.js:622:8)
    at ColorUtilService2.parseColor (http://localhost:9876/base/src/app/services/color-util.service.ts:43:27)
    at UserContext.<anonymous> (http://localhost:9876/base/src/app/services/color-util.service.spec.ts:33:30)
    at _ZoneDelegate.invoke (http://localhost:9876/base/node_modules/zone.js/fesm2015/zone.js:398:28)
    at _ProxyZoneSpec.onInvoke (http://localhost:9876/base/node_modules/zone.js/fesm2015/zone-testing.js:2132:39)
    at _ZoneDelegate.invoke (http://localhost:9876/base/node_modules/zone.js/fesm2015/zone.js:397:34)
    at ZoneImpl.run (http://localhost:9876/base/node_modules/zone.js/fesm2015/zone.js:113:43)
    at runInTestZone (http://localhost:9876/base/node_modules/zone.js/fesm2015/zone-testing.js:216:38)
    at UserContext.<anonymous> (http://localhost:9876/base/node_modules/zone.js/fesm2015/zone-testing.js:234:32)
    at ZoneQueueRunner.attempt (http://localhost:9876/absoluteC:/Users/pawn0/_dev/color-pair-quick-iterator/node_modules/karma-jasmine/node_modules/jasmine-core/lib/jasmine-core/jasmine.js?86d98e11f43f2c8cfac9fb4806ed6c0aced74cbe:7632:40)
[1A[2KChrome 142.0.0.0 (Windows 10): Executed 246 of 324[31m (14 FAILED)[39m (0 secs / 1.724 secs)
[1A[2KChrome 142.0.0.0 (Windows 10): Executed 247 of 324[31m (14 FAILED)[39m (0 secs / 1.726 secs)
[1A[2KChrome 142.0.0.0 (Windows 10): Executed 248 of 324[31m (14 FAILED)[39m (0 secs / 1.728 secs)
[1A[2KChrome 142.0.0.0 (Windows 10): Executed 249 of 324[31m (14 FAILED)[39m (0 secs / 1.73 secs)
[1A[2KERROR: [36mTypeError: Could not parse invalid as a color. Missing a plugin?
TypeError: Could not parse invalid as a color. Missing a plugin?
    at _Color.parse (http://localhost:9876/base/node_modules/colorjs.io/dist/color.js:622:8)
    at ColorUtilService2.parseColor (http://localhost:9876/base/src/app/services/color-util.service.ts:43:27)
    at ColorUtilService2.createVariants (http://localhost:9876/base/src/app/services/color-util.service.ts:119:30)
    at UserContext.<anonymous> (http://localhost:9876/base/src/app/services/color-util.service.spec.ts:278:30)
    at _ZoneDelegate.invoke (http://localhost:9876/base/node_modules/zone.js/fesm2015/zone.js:398:28)
    at _ProxyZoneSpec.onInvoke (http://localhost:9876/base/node_modules/zone.js/fesm2015/zone-testing.js:2132:39)
    at _ZoneDelegate.invoke (http://localhost:9876/base/node_modules/zone.js/fesm2015/zone.js:397:34)
    at ZoneImpl.run (http://localhost:9876/base/node_modules/zone.js/fesm2015/zone.js:113:43)
    at runInTestZone (http://localhost:9876/base/node_modules/zone.js/fesm2015/zone-testing.js:216:38)
    at UserContext.<anonymous> (http://localhost:9876/base/node_modules/zone.js/fesm2015/zone-testing.js:234:32)[39m
Chrome 142.0.0.0 (Windows 10): Executed 249 of 324[31m (14 FAILED)[39m (0 secs / 1.73 secs)
ERROR: TypeError: Could not parse invalid as a color. Missing a plugin?
TypeError: Could not parse invalid as a color. Missing a plugin?
    at _Color.parse (http://localhost:9876/base/node_modules/colorjs.io/dist/color.js:622:8)
    at ColorUtilService2.parseColor (http://localhost:9876/base/src/app/services/color-util.service.ts:43:27)
    at ColorUtilService2.createVariants (http://localhost:9876/base/src/app/services/color-util.service.ts:119:30)
    at UserContext.<anonymous> (http://localhost:9876/base/src/app/services/color-util.service.spec.ts:278:30)
    at _ZoneDelegate.invoke (http://localhost:9876/base/node_modules/zone.js/fesm2015/zone.js:398:28)
    at _ProxyZoneSpec.onInvoke (http://localhost:9876/base/node_modules/zone.js/fesm2015/zone-testing.js:2132:39)
    at _ZoneDelegate.invoke (http://localhost:9876/base/node_modules/zone.js/fesm2015/zone.js:397:34)
    at ZoneImpl.run (http://localhost:9876/base/node_modules/zone.js/fesm2015/zone.js:113:43)
    at runInTestZone (http://localhost:9876/base/node_modules/zone.js/fesm2015/zone-testing.js:216:38)
    at UserContext.<anonymous> (http://localhost:9876/base/node_modules/zone.js/fesm2015/zone-testing.js:234:32)
[1A[2KERROR: [36m'unable to parse color'[39m
Chrome 142.0.0.0 (Windows 10): Executed 249 of 324[31m (14 FAILED)[39m (0 secs / 1.73 secs)
ERROR: 'unable to parse color'
[1A[2KChrome 142.0.0.0 (Windows 10): Executed 250 of 324[31m (14 FAILED)[39m (0 secs / 1.732 secs)
[1A[2KChrome 142.0.0.0 (Windows 10): Executed 251 of 324[31m (14 FAILED)[39m (0 secs / 1.734 secs)
[1A[2KChrome 142.0.0.0 (Windows 10): Executed 252 of 324[31m (14 FAILED)[39m (0 secs / 1.736 secs)
[1A[2KChrome 142.0.0.0 (Windows 10): Executed 253 of 324[31m (14 FAILED)[39m (0 secs / 1.738 secs)
[1A[2KChrome 142.0.0.0 (Windows 10): Executed 254 of 324[31m (14 FAILED)[39m (0 secs / 1.74 secs)
[1A[2KChrome 142.0.0.0 (Windows 10): Executed 255 of 324[31m (14 FAILED)[39m (0 secs / 1.742 secs)
[1A[2KChrome 142.0.0.0 (Windows 10): Executed 256 of 324[31m (14 FAILED)[39m (0 secs / 1.743 secs)
[1A[2KChrome 142.0.0.0 (Windows 10): Executed 257 of 324[31m (14 FAILED)[39m (0 secs / 1.744 secs)
[1A[2KChrome 142.0.0.0 (Windows 10): Executed 258 of 324[31m (14 FAILED)[39m (0 secs / 1.745 secs)
[1A[2KChrome 142.0.0.0 (Windows 10): Executed 259 of 324[31m (14 FAILED)[39m (0 secs / 1.745 secs)
[1A[2K[31mChrome 142.0.0.0 (Windows 10) ColorUtilService isInSrgbGamut should return true for color in sRGB gamut FAILED[39m
	Expected false to be true.
	    at <Jasmine>
	    at src/app/services/color-util.service.spec.ts:256:22
	    at Generator.next (<anonymous>)
	    at fulfilled (chunk-V6FC2DIM.js:47:24)
	    at _ZoneDelegate.invoke (node_modules/zone.js/fesm2015/zone.js:398:28)
Chrome 142.0.0.0 (Windows 10): Executed 260 of 324[31m (15 FAILED)[39m (0 secs / 1.746 secs)
[1A[2KChrome 142.0.0.0 (Windows 10): Executed 261 of 324[31m (15 FAILED)[39m (0 secs / 1.747 secs)
[1A[2KChrome 142.0.0.0 (Windows 10): Executed 262 of 324[31m (15 FAILED)[39m (0 secs / 1.748 secs)
[1A[2KChrome 142.0.0.0 (Windows 10): Executed 263 of 324[31m (15 FAILED)[39m (0 secs / 1.759 secs)
[1A[2KChrome 142.0.0.0 (Windows 10): Executed 264 of 324[31m (15 FAILED)[39m (0 secs / 1.781 secs)
[1A[2KChrome 142.0.0.0 (Windows 10): Executed 265 of 324[31m (15 FAILED)[39m (0 secs / 1.789 secs)
[1A[2KChrome 142.0.0.0 (Windows 10): Executed 266 of 324[31m (15 FAILED)[39m (0 secs / 1.791 secs)
[1A[2KChrome 142.0.0.0 (Windows 10): Executed 267 of 324[31m (15 FAILED)[39m (0 secs / 1.792 secs)
[1A[2KERROR: [36mTypeError: Could not parse invalid as a color. Missing a plugin?
TypeError: Could not parse invalid as a color. Missing a plugin?
    at _Color.parse (http://localhost:9876/base/node_modules/colorjs.io/dist/color.js:622:8)
    at ColorUtilService2.parseColor (http://localhost:9876/base/src/app/services/color-util.service.ts:43:27)
    at ColorUtilService2.getColorMeta (http://localhost:9876/base/src/app/services/color-util.service.ts:410:30)
    at UserContext.<anonymous> (http://localhost:9876/base/src/app/services/color-util.service.spec.ts:194:30)
    at _ZoneDelegate.invoke (http://localhost:9876/base/node_modules/zone.js/fesm2015/zone.js:398:28)
    at _ProxyZoneSpec.onInvoke (http://localhost:9876/base/node_modules/zone.js/fesm2015/zone-testing.js:2132:39)
    at _ZoneDelegate.invoke (http://localhost:9876/base/node_modules/zone.js/fesm2015/zone.js:397:34)
    at ZoneImpl.run (http://localhost:9876/base/node_modules/zone.js/fesm2015/zone.js:113:43)
    at runInTestZone (http://localhost:9876/base/node_modules/zone.js/fesm2015/zone-testing.js:216:38)
    at UserContext.<anonymous> (http://localhost:9876/base/node_modules/zone.js/fesm2015/zone-testing.js:234:32)[39m
Chrome 142.0.0.0 (Windows 10): Executed 267 of 324[31m (15 FAILED)[39m (0 secs / 1.792 secs)
ERROR: TypeError: Could not parse invalid as a color. Missing a plugin?
TypeError: Could not parse invalid as a color. Missing a plugin?
    at _Color.parse (http://localhost:9876/base/node_modules/colorjs.io/dist/color.js:622:8)
    at ColorUtilService2.parseColor (http://localhost:9876/base/src/app/services/color-util.service.ts:43:27)
    at ColorUtilService2.getColorMeta (http://localhost:9876/base/src/app/services/color-util.service.ts:410:30)
    at UserContext.<anonymous> (http://localhost:9876/base/src/app/services/color-util.service.spec.ts:194:30)
    at _ZoneDelegate.invoke (http://localhost:9876/base/node_modules/zone.js/fesm2015/zone.js:398:28)
    at _ProxyZoneSpec.onInvoke (http://localhost:9876/base/node_modules/zone.js/fesm2015/zone-testing.js:2132:39)
    at _ZoneDelegate.invoke (http://localhost:9876/base/node_modules/zone.js/fesm2015/zone.js:397:34)
    at ZoneImpl.run (http://localhost:9876/base/node_modules/zone.js/fesm2015/zone.js:113:43)
    at runInTestZone (http://localhost:9876/base/node_modules/zone.js/fesm2015/zone-testing.js:216:38)
    at UserContext.<anonymous> (http://localhost:9876/base/node_modules/zone.js/fesm2015/zone-testing.js:234:32)
[1A[2KChrome 142.0.0.0 (Windows 10): Executed 268 of 324[31m (15 FAILED)[39m (0 secs / 1.794 secs)
[1A[2KChrome 142.0.0.0 (Windows 10): Executed 269 of 324[31m (15 FAILED)[39m (0 secs / 1.796 secs)
[1A[2KChrome 142.0.0.0 (Windows 10): Executed 270 of 324[31m (15 FAILED)[39m (0 secs / 1.797 secs)
[1A[2KChrome 142.0.0.0 (Windows 10): Executed 271 of 324[31m (15 FAILED)[39m (0 secs / 1.798 secs)
[1A[2KERROR: [36mTypeError: Could not parse invalid as a color. Missing a plugin?
TypeError: Could not parse invalid as a color. Missing a plugin?
    at _Color.parse (http://localhost:9876/base/node_modules/colorjs.io/dist/color.js:622:8)
    at ColorUtilService2.parseColor (http://localhost:9876/base/src/app/services/color-util.service.ts:43:27)
    at ColorUtilService2.calcDeltaE (http://localhost:9876/base/src/app/services/color-util.service.ts:369:33)
    at UserContext.<anonymous> (http://localhost:9876/base/src/app/services/color-util.service.spec.ts:121:30)
    at _ZoneDelegate.invoke (http://localhost:9876/base/node_modules/zone.js/fesm2015/zone.js:398:28)
    at _ProxyZoneSpec.onInvoke (http://localhost:9876/base/node_modules/zone.js/fesm2015/zone-testing.js:2132:39)
    at _ZoneDelegate.invoke (http://localhost:9876/base/node_modules/zone.js/fesm2015/zone.js:397:34)
    at ZoneImpl.run (http://localhost:9876/base/node_modules/zone.js/fesm2015/zone.js:113:43)
    at runInTestZone (http://localhost:9876/base/node_modules/zone.js/fesm2015/zone-testing.js:216:38)
    at UserContext.<anonymous> (http://localhost:9876/base/node_modules/zone.js/fesm2015/zone-testing.js:234:32)[39m
Chrome 142.0.0.0 (Windows 10): Executed 271 of 324[31m (15 FAILED)[39m (0 secs / 1.798 secs)
ERROR: TypeError: Could not parse invalid as a color. Missing a plugin?
TypeError: Could not parse invalid as a color. Missing a plugin?
    at _Color.parse (http://localhost:9876/base/node_modules/colorjs.io/dist/color.js:622:8)
    at ColorUtilService2.parseColor (http://localhost:9876/base/src/app/services/color-util.service.ts:43:27)
    at ColorUtilService2.calcDeltaE (http://localhost:9876/base/src/app/services/color-util.service.ts:369:33)
    at UserContext.<anonymous> (http://localhost:9876/base/src/app/services/color-util.service.spec.ts:121:30)
    at _ZoneDelegate.invoke (http://localhost:9876/base/node_modules/zone.js/fesm2015/zone.js:398:28)
    at _ProxyZoneSpec.onInvoke (http://localhost:9876/base/node_modules/zone.js/fesm2015/zone-testing.js:2132:39)
    at _ZoneDelegate.invoke (http://localhost:9876/base/node_modules/zone.js/fesm2015/zone.js:397:34)
    at ZoneImpl.run (http://localhost:9876/base/node_modules/zone.js/fesm2015/zone.js:113:43)
    at runInTestZone (http://localhost:9876/base/node_modules/zone.js/fesm2015/zone-testing.js:216:38)
    at UserContext.<anonymous> (http://localhost:9876/base/node_modules/zone.js/fesm2015/zone-testing.js:234:32)
[1A[2KChrome 142.0.0.0 (Windows 10): Executed 272 of 324[31m (15 FAILED)[39m (0 secs / 1.799 secs)
[1A[2KERROR: [36mTypeError: Could not parse invalid as a color. Missing a plugin?
TypeError: Could not parse invalid as a color. Missing a plugin?
    at _Color.parse (http://localhost:9876/base/node_modules/colorjs.io/dist/color.js:622:8)
    at ColorUtilService2.parseColor (http://localhost:9876/base/src/app/services/color-util.service.ts:43:27)
    at ColorUtilService2.calcDeltaE (http://localhost:9876/base/src/app/services/color-util.service.ts:370:33)
    at UserContext.<anonymous> (http://localhost:9876/base/src/app/services/color-util.service.spec.ts:126:30)
    at _ZoneDelegate.invoke (http://localhost:9876/base/node_modules/zone.js/fesm2015/zone.js:398:28)
    at _ProxyZoneSpec.onInvoke (http://localhost:9876/base/node_modules/zone.js/fesm2015/zone-testing.js:2132:39)
    at _ZoneDelegate.invoke (http://localhost:9876/base/node_modules/zone.js/fesm2015/zone.js:397:34)
    at ZoneImpl.run (http://localhost:9876/base/node_modules/zone.js/fesm2015/zone.js:113:43)
    at runInTestZone (http://localhost:9876/base/node_modules/zone.js/fesm2015/zone-testing.js:216:38)
    at UserContext.<anonymous> (http://localhost:9876/base/node_modules/zone.js/fesm2015/zone-testing.js:234:32)[39m
Chrome 142.0.0.0 (Windows 10): Executed 272 of 324[31m (15 FAILED)[39m (0 secs / 1.799 secs)
ERROR: TypeError: Could not parse invalid as a color. Missing a plugin?
TypeError: Could not parse invalid as a color. Missing a plugin?
    at _Color.parse (http://localhost:9876/base/node_modules/colorjs.io/dist/color.js:622:8)
    at ColorUtilService2.parseColor (http://localhost:9876/base/src/app/services/color-util.service.ts:43:27)
    at ColorUtilService2.calcDeltaE (http://localhost:9876/base/src/app/services/color-util.service.ts:370:33)
    at UserContext.<anonymous> (http://localhost:9876/base/src/app/services/color-util.service.spec.ts:126:30)
    at _ZoneDelegate.invoke (http://localhost:9876/base/node_modules/zone.js/fesm2015/zone.js:398:28)
    at _ProxyZoneSpec.onInvoke (http://localhost:9876/base/node_modules/zone.js/fesm2015/zone-testing.js:2132:39)
    at _ZoneDelegate.invoke (http://localhost:9876/base/node_modules/zone.js/fesm2015/zone.js:397:34)
    at ZoneImpl.run (http://localhost:9876/base/node_modules/zone.js/fesm2015/zone.js:113:43)
    at runInTestZone (http://localhost:9876/base/node_modules/zone.js/fesm2015/zone-testing.js:216:38)
    at UserContext.<anonymous> (http://localhost:9876/base/node_modules/zone.js/fesm2015/zone-testing.js:234:32)
[1A[2KChrome 142.0.0.0 (Windows 10): Executed 273 of 324[31m (15 FAILED)[39m (0 secs / 1.8 secs)
[1A[2KChrome 142.0.0.0 (Windows 10): Executed 274 of 324[31m (15 FAILED)[39m (0 secs / 1.801 secs)
[1A[2KChrome 142.0.0.0 (Windows 10): Executed 275 of 324[31m (15 FAILED)[39m (0 secs / 1.802 secs)
[1A[2KChrome 142.0.0.0 (Windows 10): Executed 276 of 324[31m (15 FAILED)[39m (0 secs / 1.804 secs)
[1A[2KERROR: [36mTypeError: Could not parse invalid as a color. Missing a plugin?
TypeError: Could not parse invalid as a color. Missing a plugin?
    at _Color.parse (http://localhost:9876/base/node_modules/colorjs.io/dist/color.js:622:8)
    at ColorUtilService2.parseColor (http://localhost:9876/base/src/app/services/color-util.service.ts:43:27)
    at ColorUtilService2.getRgb255Array (http://localhost:9876/base/src/app/services/color-util.service.ts:51:27)
    at UserContext.<anonymous> (http://localhost:9876/base/src/app/services/color-util.service.spec.ts:70:30)
    at _ZoneDelegate.invoke (http://localhost:9876/base/node_modules/zone.js/fesm2015/zone.js:398:28)
    at _ProxyZoneSpec.onInvoke (http://localhost:9876/base/node_modules/zone.js/fesm2015/zone-testing.js:2132:39)
    at _ZoneDelegate.invoke (http://localhost:9876/base/node_modules/zone.js/fesm2015/zone.js:397:34)
    at ZoneImpl.run (http://localhost:9876/base/node_modules/zone.js/fesm2015/zone.js:113:43)
    at runInTestZone (http://localhost:9876/base/node_modules/zone.js/fesm2015/zone-testing.js:216:38)
    at UserContext.<anonymous> (http://localhost:9876/base/node_modules/zone.js/fesm2015/zone-testing.js:234:32)[39m
Chrome 142.0.0.0 (Windows 10): Executed 276 of 324[31m (15 FAILED)[39m (0 secs / 1.804 secs)
ERROR: TypeError: Could not parse invalid as a color. Missing a plugin?
TypeError: Could not parse invalid as a color. Missing a plugin?
    at _Color.parse (http://localhost:9876/base/node_modules/colorjs.io/dist/color.js:622:8)
    at ColorUtilService2.parseColor (http://localhost:9876/base/src/app/services/color-util.service.ts:43:27)
    at ColorUtilService2.getRgb255Array (http://localhost:9876/base/src/app/services/color-util.service.ts:51:27)
    at UserContext.<anonymous> (http://localhost:9876/base/src/app/services/color-util.service.spec.ts:70:30)
    at _ZoneDelegate.invoke (http://localhost:9876/base/node_modules/zone.js/fesm2015/zone.js:398:28)
    at _ProxyZoneSpec.onInvoke (http://localhost:9876/base/node_modules/zone.js/fesm2015/zone-testing.js:2132:39)
    at _ZoneDelegate.invoke (http://localhost:9876/base/node_modules/zone.js/fesm2015/zone.js:397:34)
    at ZoneImpl.run (http://localhost:9876/base/node_modules/zone.js/fesm2015/zone.js:113:43)
    at runInTestZone (http://localhost:9876/base/node_modules/zone.js/fesm2015/zone-testing.js:216:38)
    at UserContext.<anonymous> (http://localhost:9876/base/node_modules/zone.js/fesm2015/zone-testing.js:234:32)
[1A[2KERROR: [36m'unable to parse: invalid'[39m
Chrome 142.0.0.0 (Windows 10): Executed 276 of 324[31m (15 FAILED)[39m (0 secs / 1.804 secs)
ERROR: 'unable to parse: invalid'
[1A[2KChrome 142.0.0.0 (Windows 10): Executed 277 of 324[31m (15 FAILED)[39m (0 secs / 1.806 secs)
[1A[2KChrome 142.0.0.0 (Windows 10): Executed 278 of 324[31m (15 FAILED)[39m (0 secs / 1.807 secs)
[1A[2KChrome 142.0.0.0 (Windows 10): Executed 279 of 324[31m (15 FAILED)[39m (0 secs / 1.81 secs)
[1A[2KChrome 142.0.0.0 (Windows 10): Executed 280 of 324[31m (15 FAILED)[39m (0 secs / 1.812 secs)
[1A[2KChrome 142.0.0.0 (Windows 10): Executed 281 of 324[31m (15 FAILED)[39m (0 secs / 1.814 secs)
[1A[2KChrome 142.0.0.0 (Windows 10): Executed 282 of 324[31m (15 FAILED)[39m (0 secs / 1.816 secs)
[1A[2KChrome 142.0.0.0 (Windows 10): Executed 283 of 324[31m (15 FAILED)[39m (0 secs / 1.817 secs)
[1A[2KChrome 142.0.0.0 (Windows 10): Executed 284 of 324[31m (15 FAILED)[39m (0 secs / 1.819 secs)
[1A[2KChrome 142.0.0.0 (Windows 10): Executed 285 of 324[31m (15 FAILED)[39m (0 secs / 1.82 secs)
[1A[2KChrome 142.0.0.0 (Windows 10): Executed 286 of 324[31m (15 FAILED)[39m (0 secs / 1.822 secs)
[1A[2KChrome 142.0.0.0 (Windows 10): Executed 287 of 324[31m (15 FAILED)[39m (0 secs / 1.825 secs)
[1A[2KChrome 142.0.0.0 (Windows 10): Executed 288 of 324[31m (15 FAILED)[39m (0 secs / 1.827 secs)
[1A[2KERROR: [36mTypeError: Could not parse invalid as a color. Missing a plugin?
TypeError: Could not parse invalid as a color. Missing a plugin?
    at _Color.parse (http://localhost:9876/base/node_modules/colorjs.io/dist/color.js:622:8)
    at ColorUtilService2.parseColor (http://localhost:9876/base/src/app/services/color-util.service.ts:43:27)
    at ColorUtilService2.calcWcag2 (http://localhost:9876/base/src/app/services/color-util.service.ts:390:33)
    at UserContext.<anonymous> (http://localhost:9876/base/src/app/services/color-util.service.spec.ts:155:30)
    at _ZoneDelegate.invoke (http://localhost:9876/base/node_modules/zone.js/fesm2015/zone.js:398:28)
    at _ProxyZoneSpec.onInvoke (http://localhost:9876/base/node_modules/zone.js/fesm2015/zone-testing.js:2132:39)
    at _ZoneDelegate.invoke (http://localhost:9876/base/node_modules/zone.js/fesm2015/zone.js:397:34)
    at ZoneImpl.run (http://localhost:9876/base/node_modules/zone.js/fesm2015/zone.js:113:43)
    at runInTestZone (http://localhost:9876/base/node_modules/zone.js/fesm2015/zone-testing.js:216:38)
    at UserContext.<anonymous> (http://localhost:9876/base/node_modules/zone.js/fesm2015/zone-testing.js:234:32)[39m
Chrome 142.0.0.0 (Windows 10): Executed 288 of 324[31m (15 FAILED)[39m (0 secs / 1.827 secs)
ERROR: TypeError: Could not parse invalid as a color. Missing a plugin?
TypeError: Could not parse invalid as a color. Missing a plugin?
    at _Color.parse (http://localhost:9876/base/node_modules/colorjs.io/dist/color.js:622:8)
    at ColorUtilService2.parseColor (http://localhost:9876/base/src/app/services/color-util.service.ts:43:27)
    at ColorUtilService2.calcWcag2 (http://localhost:9876/base/src/app/services/color-util.service.ts:390:33)
    at UserContext.<anonymous> (http://localhost:9876/base/src/app/services/color-util.service.spec.ts:155:30)
    at _ZoneDelegate.invoke (http://localhost:9876/base/node_modules/zone.js/fesm2015/zone.js:398:28)
    at _ProxyZoneSpec.onInvoke (http://localhost:9876/base/node_modules/zone.js/fesm2015/zone-testing.js:2132:39)
    at _ZoneDelegate.invoke (http://localhost:9876/base/node_modules/zone.js/fesm2015/zone.js:397:34)
    at ZoneImpl.run (http://localhost:9876/base/node_modules/zone.js/fesm2015/zone.js:113:43)
    at runInTestZone (http://localhost:9876/base/node_modules/zone.js/fesm2015/zone-testing.js:216:38)
    at UserContext.<anonymous> (http://localhost:9876/base/node_modules/zone.js/fesm2015/zone-testing.js:234:32)
[1A[2KChrome 142.0.0.0 (Windows 10): Executed 289 of 324[31m (15 FAILED)[39m (0 secs / 1.829 secs)
[1A[2KERROR: [36mTypeError: Could not parse invalid as a color. Missing a plugin?
TypeError: Could not parse invalid as a color. Missing a plugin?
    at _Color.parse (http://localhost:9876/base/node_modules/colorjs.io/dist/color.js:622:8)
    at ColorUtilService2.parseColor (http://localhost:9876/base/src/app/services/color-util.service.ts:43:27)
    at ColorUtilService2.calcWcag2 (http://localhost:9876/base/src/app/services/color-util.service.ts:391:33)
    at UserContext.<anonymous> (http://localhost:9876/base/src/app/services/color-util.service.spec.ts:160:30)
    at _ZoneDelegate.invoke (http://localhost:9876/base/node_modules/zone.js/fesm2015/zone.js:398:28)
    at _ProxyZoneSpec.onInvoke (http://localhost:9876/base/node_modules/zone.js/fesm2015/zone-testing.js:2132:39)
    at _ZoneDelegate.invoke (http://localhost:9876/base/node_modules/zone.js/fesm2015/zone.js:397:34)
    at ZoneImpl.run (http://localhost:9876/base/node_modules/zone.js/fesm2015/zone.js:113:43)
    at runInTestZone (http://localhost:9876/base/node_modules/zone.js/fesm2015/zone-testing.js:216:38)
    at UserContext.<anonymous> (http://localhost:9876/base/node_modules/zone.js/fesm2015/zone-testing.js:234:32)[39m
Chrome 142.0.0.0 (Windows 10): Executed 289 of 324[31m (15 FAILED)[39m (0 secs / 1.829 secs)
ERROR: TypeError: Could not parse invalid as a color. Missing a plugin?
TypeError: Could not parse invalid as a color. Missing a plugin?
    at _Color.parse (http://localhost:9876/base/node_modules/colorjs.io/dist/color.js:622:8)
    at ColorUtilService2.parseColor (http://localhost:9876/base/src/app/services/color-util.service.ts:43:27)
    at ColorUtilService2.calcWcag2 (http://localhost:9876/base/src/app/services/color-util.service.ts:391:33)
    at UserContext.<anonymous> (http://localhost:9876/base/src/app/services/color-util.service.spec.ts:160:30)
    at _ZoneDelegate.invoke (http://localhost:9876/base/node_modules/zone.js/fesm2015/zone.js:398:28)
    at _ProxyZoneSpec.onInvoke (http://localhost:9876/base/node_modules/zone.js/fesm2015/zone-testing.js:2132:39)
    at _ZoneDelegate.invoke (http://localhost:9876/base/node_modules/zone.js/fesm2015/zone.js:397:34)
    at ZoneImpl.run (http://localhost:9876/base/node_modules/zone.js/fesm2015/zone.js:113:43)
    at runInTestZone (http://localhost:9876/base/node_modules/zone.js/fesm2015/zone-testing.js:216:38)
    at UserContext.<anonymous> (http://localhost:9876/base/node_modules/zone.js/fesm2015/zone-testing.js:234:32)
[1A[2KChrome 142.0.0.0 (Windows 10): Executed 290 of 324[31m (15 FAILED)[39m (0 secs / 1.83 secs)
[1A[2KChrome 142.0.0.0 (Windows 10): Executed 291 of 324[31m (15 FAILED)[39m (0 secs / 1.831 secs)
[1A[2KChrome 142.0.0.0 (Windows 10): Executed 292 of 324[31m (15 FAILED)[39m (0 secs / 1.832 secs)
[1A[2KChrome 142.0.0.0 (Windows 10): Executed 293 of 324[31m (15 FAILED)[39m (0 secs / 1.833 secs)
[1A[2KChrome 142.0.0.0 (Windows 10): Executed 294 of 324[31m (15 FAILED)[39m (0 secs / 1.835 secs)
[1A[2KChrome 142.0.0.0 (Windows 10): Executed 295 of 324[31m (15 FAILED)[39m (0 secs / 1.838 secs)
[1A[2K[31mChrome 142.0.0.0 (Windows 10) ColorUtilService generateAllOklchVariants should generate correct number of columns FAILED[39m
	Expected 14 to be 15.
	    at <Jasmine>
	    at src/app/services/color-util.service.spec.ts:404:32
	    at Generator.next (<anonymous>)
	    at fulfilled (chunk-V6FC2DIM.js:47:24)
	    at _ZoneDelegate.invoke (node_modules/zone.js/fesm2015/zone.js:398:28)
Chrome 142.0.0.0 (Windows 10): Executed 296 of 324[31m (16 FAILED)[39m (0 secs / 1.843 secs)
[1A[2KChrome 142.0.0.0 (Windows 10): Executed 297 of 324[31m (16 FAILED)[39m (0 secs / 1.846 secs)
[1A[2KChrome 142.0.0.0 (Windows 10): Executed 298 of 324[31m (16 FAILED)[39m (0 secs / 1.851 secs)
[1A[2K[31mChrome 142.0.0.0 (Windows 10) ColorUtilService generateAllOklchVariants should generate correct number of rows FAILED[39m
	Expected 5 to be 6.
	    at <Jasmine>
	    at src/app/services/color-util.service.spec.ts:398:29
	    at Generator.next (<anonymous>)
	    at fulfilled (chunk-V6FC2DIM.js:47:24)
	    at _ZoneDelegate.invoke (node_modules/zone.js/fesm2015/zone.js:398:28)
Chrome 142.0.0.0 (Windows 10): Executed 299 of 324[31m (17 FAILED)[39m (0 secs / 1.855 secs)
[1A[2KChrome 142.0.0.0 (Windows 10): Executed 300 of 324[31m (17 FAILED)[39m (0 secs / 1.857 secs)
[1A[2KChrome 142.0.0.0 (Windows 10): Executed 301 of 324[31m (17 FAILED)[39m (0 secs / 1.858 secs)
[1A[2KChrome 142.0.0.0 (Windows 10): Executed 302 of 324[31m (17 FAILED)[39m (0 secs / 1.859 secs)
[1A[2KChrome 142.0.0.0 (Windows 10): Executed 303 of 324[31m (17 FAILED)[39m (0 secs / 1.86 secs)
[1A[2KERROR: [36mTypeError: Could not parse invalid as a color. Missing a plugin?
TypeError: Could not parse invalid as a color. Missing a plugin?
    at _Color.parse (http://localhost:9876/base/node_modules/colorjs.io/dist/color.js:622:8)
    at ColorUtilService2.parseColor (http://localhost:9876/base/src/app/services/color-util.service.ts:43:27)
    at ColorUtilService2.createSrgbColor (http://localhost:9876/base/src/app/services/color-util.service.ts:73:30)
    at UserContext.<anonymous> (http://localhost:9876/base/src/app/services/color-util.service.spec.ts:98:30)
    at _ZoneDelegate.invoke (http://localhost:9876/base/node_modules/zone.js/fesm2015/zone.js:398:28)
    at _ProxyZoneSpec.onInvoke (http://localhost:9876/base/node_modules/zone.js/fesm2015/zone-testing.js:2132:39)
    at _ZoneDelegate.invoke (http://localhost:9876/base/node_modules/zone.js/fesm2015/zone.js:397:34)
    at ZoneImpl.run (http://localhost:9876/base/node_modules/zone.js/fesm2015/zone.js:113:43)
    at runInTestZone (http://localhost:9876/base/node_modules/zone.js/fesm2015/zone-testing.js:216:38)
    at UserContext.<anonymous> (http://localhost:9876/base/node_modules/zone.js/fesm2015/zone-testing.js:234:32)[39m
Chrome 142.0.0.0 (Windows 10): Executed 303 of 324[31m (17 FAILED)[39m (0 secs / 1.86 secs)
ERROR: TypeError: Could not parse invalid as a color. Missing a plugin?
TypeError: Could not parse invalid as a color. Missing a plugin?
    at _Color.parse (http://localhost:9876/base/node_modules/colorjs.io/dist/color.js:622:8)
    at ColorUtilService2.parseColor (http://localhost:9876/base/src/app/services/color-util.service.ts:43:27)
    at ColorUtilService2.createSrgbColor (http://localhost:9876/base/src/app/services/color-util.service.ts:73:30)
    at UserContext.<anonymous> (http://localhost:9876/base/src/app/services/color-util.service.spec.ts:98:30)
    at _ZoneDelegate.invoke (http://localhost:9876/base/node_modules/zone.js/fesm2015/zone.js:398:28)
    at _ProxyZoneSpec.onInvoke (http://localhost:9876/base/node_modules/zone.js/fesm2015/zone-testing.js:2132:39)
    at _ZoneDelegate.invoke (http://localhost:9876/base/node_modules/zone.js/fesm2015/zone.js:397:34)
    at ZoneImpl.run (http://localhost:9876/base/node_modules/zone.js/fesm2015/zone.js:113:43)
    at runInTestZone (http://localhost:9876/base/node_modules/zone.js/fesm2015/zone-testing.js:216:38)
    at UserContext.<anonymous> (http://localhost:9876/base/node_modules/zone.js/fesm2015/zone-testing.js:234:32)
[1A[2KChrome 142.0.0.0 (Windows 10): Executed 304 of 324[31m (17 FAILED)[39m (0 secs / 1.862 secs)
[1A[2KChrome 142.0.0.0 (Windows 10): Executed 305 of 324[31m (17 FAILED)[39m (0 secs / 1.863 secs)
[1A[2KChrome 142.0.0.0 (Windows 10): Executed 306 of 324[31m (17 FAILED)[39m (0 secs / 1.87 secs)
[1A[2K[31mChrome 142.0.0.0 (Windows 10) CopyToClipboardButtonComponent Template integration should call copyToClipboard on button click FAILED[39m
	Expected spy copyToClipboard to have been called.
	    at <Jasmine>
	    at UserContext.<anonymous> (src/app/_components/copy-to-clipboard-button/copy-to-clipboard-button.component.spec.ts:240:41)
	    at _ZoneDelegate.invoke (node_modules/zone.js/fesm2015/zone.js:398:28)
	    at _ProxyZoneSpec.onInvoke (node_modules/zone.js/fesm2015/zone-testing.js:2132:39)
	    at _ZoneDelegate.invoke (node_modules/zone.js/fesm2015/zone.js:397:34)
Chrome 142.0.0.0 (Windows 10): Executed 307 of 324[31m (18 FAILED)[39m (0 secs / 1.871 secs)
[1A[2KChrome 142.0.0.0 (Windows 10): Executed 308 of 324[31m (18 FAILED)[39m (0 secs / 1.872 secs)
[1A[2KChrome 142.0.0.0 (Windows 10): Executed 309 of 324[31m (18 FAILED)[39m (0 secs / 1.874 secs)
[1A[2KLOG: [36m'#ff5733', 'copied to clipboard'[39m
Chrome 142.0.0.0 (Windows 10): Executed 309 of 324[31m (18 FAILED)[39m (0 secs / 1.874 secs)
LOG: '#ff5733', 'copied to clipboard'
[1A[2KChrome 142.0.0.0 (Windows 10): Executed 310 of 324[31m (18 FAILED)[39m (0 secs / 1.876 secs)
[1A[2KERROR: [36m'Failed to copy text: ', Error: Copy failed
Error: Copy failed
    at UserContext.<anonymous> (http://localhost:9876/base/src/app/_components/copy-to-clipboard-button/copy-to-clipboard-button.component.spec.ts:62:24)
    at _ZoneDelegate.invoke (http://localhost:9876/base/node_modules/zone.js/fesm2015/zone.js:398:28)
    at _ProxyZoneSpec.onInvoke (http://localhost:9876/base/node_modules/zone.js/fesm2015/zone-testing.js:2132:39)
    at _ZoneDelegate.invoke (http://localhost:9876/base/node_modules/zone.js/fesm2015/zone.js:397:34)
    at ZoneImpl.run (http://localhost:9876/base/node_modules/zone.js/fesm2015/zone.js:113:43)
    at runInTestZone (http://localhost:9876/base/node_modules/zone.js/fesm2015/zone-testing.js:213:38)
    at UserContext.<anonymous> (http://localhost:9876/base/node_modules/zone.js/fesm2015/zone-testing.js:231:32)
    at ZoneQueueRunner.attempt (http://localhost:9876/absoluteC:/Users/pawn0/_dev/color-pair-quick-iterator/node_modules/karma-jasmine/node_modules/jasmine-core/lib/jasmine-core/jasmine.js?86d98e11f43f2c8cfac9fb4806ed6c0aced74cbe:7643:40)
    at ZoneQueueRunner.QueueRunner.run (http://localhost:9876/absoluteC:/Users/pawn0/_dev/color-pair-quick-iterator/node_modules/karma-jasmine/node_modules/jasmine-core/lib/jasmine-core/jasmine.js?86d98e11f43f2c8cfac9fb4806ed6c0aced74cbe:7670:27)
    at runNext (http://localhost:9876/absoluteC:/Users/pawn0/_dev/color-pair-quick-iterator/node_modules/karma-jasmine/node_modules/jasmine-core/lib/jasmine-core/jasmine.js?86d98e11f43f2c8cfac9fb4806ed6c0aced74cbe:7574:16)[39m
Chrome 142.0.0.0 (Windows 10): Executed 310 of 324[31m (18 FAILED)[39m (0 secs / 1.876 secs)
ERROR: 'Failed to copy text: ', Error: Copy failed
Error: Copy failed
    at UserContext.<anonymous> (http://localhost:9876/base/src/app/_components/copy-to-clipboard-button/copy-to-clipboard-button.component.spec.ts:62:24)
    at _ZoneDelegate.invoke (http://localhost:9876/base/node_modules/zone.js/fesm2015/zone.js:398:28)
    at _ProxyZoneSpec.onInvoke (http://localhost:9876/base/node_modules/zone.js/fesm2015/zone-testing.js:2132:39)
    at _ZoneDelegate.invoke (http://localhost:9876/base/node_modules/zone.js/fesm2015/zone.js:397:34)
    at ZoneImpl.run (http://localhost:9876/base/node_modules/zone.js/fesm2015/zone.js:113:43)
    at runInTestZone (http://localhost:9876/base/node_modules/zone.js/fesm2015/zone-testing.js:213:38)
    at UserContext.<anonymous> (http://localhost:9876/base/node_modules/zone.js/fesm2015/zone-testing.js:231:32)
    at ZoneQueueRunner.attempt (http://localhost:9876/absoluteC:/Users/pawn0/_dev/color-pair-quick-iterator/node_modules/karma-jasmine/node_modules/jasmine-core/lib/jasmine-core/jasmine.js?86d98e11f43f2c8cfac9fb4806ed6c0aced74cbe:7643:40)
    at ZoneQueueRunner.QueueRunner.run (http://localhost:9876/absoluteC:/Users/pawn0/_dev/color-pair-quick-iterator/node_modules/karma-jasmine/node_modules/jasmine-core/lib/jasmine-core/jasmine.js?86d98e11f43f2c8cfac9fb4806ed6c0aced74cbe:7670:27)
    at runNext (http://localhost:9876/absoluteC:/Users/pawn0/_dev/color-pair-quick-iterator/node_modules/karma-jasmine/node_modules/jasmine-core/lib/jasmine-core/jasmine.js?86d98e11f43f2c8cfac9fb4806ed6c0aced74cbe:7574:16)
[1A[2KChrome 142.0.0.0 (Windows 10): Executed 311 of 324[31m (18 FAILED)[39m (0 secs / 1.877 secs)
[1A[2KChrome 142.0.0.0 (Windows 10): Executed 312 of 324[31m (18 FAILED)[39m (0 secs / 1.878 secs)
[1A[2KChrome 142.0.0.0 (Windows 10): Executed 313 of 324[31m (18 FAILED)[39m (0 secs / 1.88 secs)
[1A[2KLOG: [36m'#fff', 'copied to clipboard'[39m
Chrome 142.0.0.0 (Windows 10): Executed 313 of 324[31m (18 FAILED)[39m (0 secs / 1.88 secs)
LOG: '#fff', 'copied to clipboard'
[1A[2KChrome 142.0.0.0 (Windows 10): Executed 314 of 324[31m (18 FAILED)[39m (0 secs / 1.881 secs)
[1A[2KLOG: [36m'##ff5733', 'copied to clipboard'[39m
Chrome 142.0.0.0 (Windows 10): Executed 314 of 324[31m (18 FAILED)[39m (0 secs / 1.881 secs)
LOG: '##ff5733', 'copied to clipboard'
[1A[2KChrome 142.0.0.0 (Windows 10): Executed 315 of 324[31m (18 FAILED)[39m (0 secs / 1.882 secs)
[1A[2KLOG: [36m'#FF5733', 'copied to clipboard'[39m
Chrome 142.0.0.0 (Windows 10): Executed 315 of 324[31m (18 FAILED)[39m (0 secs / 1.882 secs)
LOG: '#FF5733', 'copied to clipboard'
[1A[2KChrome 142.0.0.0 (Windows 10): Executed 316 of 324[31m (18 FAILED)[39m (0 secs / 1.884 secs)
[1A[2KChrome 142.0.0.0 (Windows 10): Executed 317 of 324[31m (18 FAILED)[39m (0 secs / 1.888 secs)
[1A[2KWARN: [36m'no color provided to copy'[39m
Chrome 142.0.0.0 (Windows 10): Executed 317 of 324[31m (18 FAILED)[39m (0 secs / 1.888 secs)
WARN: 'no color provided to copy'
[1A[2KChrome 142.0.0.0 (Windows 10): Executed 318 of 324[31m (18 FAILED)[39m (0 secs / 1.89 secs)
[1A[2KChrome 142.0.0.0 (Windows 10): Executed 319 of 324[31m (18 FAILED)[39m (0 secs / 1.892 secs)
[1A[2KChrome 142.0.0.0 (Windows 10): Executed 320 of 324[31m (18 FAILED)[39m (0 secs / 1.902 secs)
[1A[2KLOG: [36m'ff5733', 'copied to clipboard'[39m
Chrome 142.0.0.0 (Windows 10): Executed 320 of 324[31m (18 FAILED)[39m (0 secs / 1.902 secs)
LOG: 'ff5733', 'copied to clipboard'
[1A[2KChrome 142.0.0.0 (Windows 10): Executed 321 of 324[31m (18 FAILED)[39m (0 secs / 1.905 secs)
[1A[2KLOG: [36m'#ff5733', 'copied to clipboard'[39m
Chrome 142.0.0.0 (Windows 10): Executed 321 of 324[31m (18 FAILED)[39m (0 secs / 1.905 secs)
LOG: '#ff5733', 'copied to clipboard'
[1A[2KChrome 142.0.0.0 (Windows 10): Executed 322 of 324[31m (18 FAILED)[39m (0 secs / 1.907 secs)
[1A[2KLOG: [36m'#ff5733', 'copied to clipboard'[39m
Chrome 142.0.0.0 (Windows 10): Executed 322 of 324[31m (18 FAILED)[39m (0 secs / 1.907 secs)
LOG: '#ff5733', 'copied to clipboard'
[1A[2KChrome 142.0.0.0 (Windows 10): Executed 323 of 324[31m (18 FAILED)[39m (0 secs / 1.909 secs)
[1A[2KERROR: [36m'Failed to copy text: ', Error: Failed
Error: Failed
    at http://localhost:9876/base/src/app/_components/copy-to-clipboard-button/copy-to-clipboard-button.component.spec.ts:172:24
    at Generator.next (<anonymous>)
    at http://localhost:9876/base/chunk-V6FC2DIM.js:60:61
    at new ZoneAwarePromise (http://localhost:9876/base/node_modules/zone.js/fesm2015/zone.js:2701:25)
    at __async (http://localhost:9876/base/chunk-V6FC2DIM.js:44:10)
    at UserContext.<anonymous> (http://localhost:9876/base/src/app/_components/copy-to-clipboard-button/copy-to-clipboard-button.component.spec.ts:167:66)
    at _ZoneDelegate.invoke (http://localhost:9876/base/node_modules/zone.js/fesm2015/zone.js:398:28)
    at _ProxyZoneSpec.onInvoke (http://localhost:9876/base/node_modules/zone.js/fesm2015/zone-testing.js:2132:39)
    at _ZoneDelegate.invoke (http://localhost:9876/base/node_modules/zone.js/fesm2015/zone.js:397:34)
    at ZoneImpl.run (http://localhost:9876/base/node_modules/zone.js/fesm2015/zone.js:113:43)[39m
Chrome 142.0.0.0 (Windows 10): Executed 323 of 324[31m (18 FAILED)[39m (0 secs / 1.909 secs)
ERROR: 'Failed to copy text: ', Error: Failed
Error: Failed
    at http://localhost:9876/base/src/app/_components/copy-to-clipboard-button/copy-to-clipboard-button.component.spec.ts:172:24
    at Generator.next (<anonymous>)
    at http://localhost:9876/base/chunk-V6FC2DIM.js:60:61
    at new ZoneAwarePromise (http://localhost:9876/base/node_modules/zone.js/fesm2015/zone.js:2701:25)
    at __async (http://localhost:9876/base/chunk-V6FC2DIM.js:44:10)
    at UserContext.<anonymous> (http://localhost:9876/base/src/app/_components/copy-to-clipboard-button/copy-to-clipboard-button.component.spec.ts:167:66)
    at _ZoneDelegate.invoke (http://localhost:9876/base/node_modules/zone.js/fesm2015/zone.js:398:28)
    at _ProxyZoneSpec.onInvoke (http://localhost:9876/base/node_modules/zone.js/fesm2015/zone-testing.js:2132:39)
    at _ZoneDelegate.invoke (http://localhost:9876/base/node_modules/zone.js/fesm2015/zone.js:397:34)
    at ZoneImpl.run (http://localhost:9876/base/node_modules/zone.js/fesm2015/zone.js:113:43)
[1A[2KChrome 142.0.0.0 (Windows 10): Executed 324 of 324[31m (18 FAILED)[39m (0 secs / 1.912 secs)
[1A[2KChrome 142.0.0.0 (Windows 10): Executed 324 of 324[31m (18 FAILED)[39m (2.414 secs / 1.912 secs)
[31mTOTAL: 18 FAILED, 306 SUCCESS[39m
